<?xml version="1.0" encoding="UTF-8"?>
<coverage generated="1776259918259" clover="3.2.0">
  <project timestamp="1776259918259" name="All files">
    <metrics statements="328" coveredstatements="266" conditionals="198" coveredconditionals="146" methods="104" coveredmethods="86" elements="630" coveredelements="498" complexity="0" loc="328" ncloc="328" packages="7" files="9" classes="9"/>
    <package name="src">
      <metrics statements="19" coveredstatements="19" conditionals="4" coveredconditionals="4" methods="2" coveredmethods="2"/>
      <file name="constants.tsx" path="I:\Dev\WoW\_Workspace\code_Chronicles-tauri\src\constants.tsx">
        <metrics statements="19" coveredstatements="19" conditionals="4" coveredconditionals="4" methods="2" coveredmethods="2"/>
        <line num="4" count="4" type="cond" truecount="2" falsecount="0"/>
        <line num="5" count="4" type="stmt"/>
        <line num="6" count="4" type="stmt"/>
        <line num="9" count="4" type="stmt"/>
        <line num="15" count="4" type="stmt"/>
        <line num="25" count="4" type="stmt"/>
        <line num="35" count="4" type="stmt"/>
        <line num="42" count="4" type="cond" truecount="2" falsecount="0"/>
        <line num="43" count="4" type="stmt"/>
        <line num="44" count="4" type="stmt"/>
        <line num="45" count="4" type="stmt"/>
        <line num="46" count="4" type="stmt"/>
        <line num="47" count="4" type="stmt"/>
        <line num="48" count="4" type="stmt"/>
        <line num="49" count="4" type="stmt"/>
        <line num="50" count="4" type="stmt"/>
        <line num="51" count="4" type="stmt"/>
        <line num="52" count="4" type="stmt"/>
        <line num="53" count="4" type="stmt"/>
      </file>
    </package>
    <package name="src._utils">
      <metrics statements="18" coveredstatements="17" conditionals="18" coveredconditionals="13" methods="2" coveredmethods="2"/>
      <file name="localeUtils.ts" path="I:\Dev\WoW\_Workspace\code_Chronicles-tauri\src\_utils\localeUtils.ts">
        <metrics statements="18" coveredstatements="17" conditionals="18" coveredconditionals="13" methods="2" coveredmethods="2"/>
        <line num="21" count="8" type="cond" truecount="4" falsecount="0"/>
        <line num="22" count="7" type="stmt"/>
        <line num="28" count="7" type="stmt"/>
        <line num="32" count="7" type="cond" truecount="2" falsecount="0"/>
        <line num="33" count="1" type="stmt"/>
        <line num="35" count="6" type="stmt"/>
        <line num="36" count="1" type="cond" truecount="1" falsecount="1"/>
        <line num="39" count="1" type="stmt"/>
        <line num="40" count="1" type="stmt"/>
        <line num="44" count="0" type="stmt"/>
        <line num="59" count="2" type="stmt"/>
        <line num="62" count="2" type="cond" truecount="2" falsecount="0"/>
        <line num="63" count="1" type="stmt"/>
        <line num="70" count="2" type="cond" truecount="1" falsecount="1"/>
        <line num="71" count="2" type="stmt"/>
        <line num="72" count="2" type="cond" truecount="1" falsecount="1"/>
        <line num="73" count="2" type="stmt"/>
        <line num="81" count="2" type="stmt"/>
      </file>
    </package>
    <package name="src.app.addon">
      <metrics statements="30" coveredstatements="13" conditionals="22" coveredconditionals="16" methods="3" coveredmethods="1"/>
      <file name="generator.ts" path="I:\Dev\WoW\_Workspace\code_Chronicles-tauri\src\app\addon\generator.ts">
        <metrics statements="30" coveredstatements="13" conditionals="22" coveredconditionals="16" methods="3" coveredmethods="1"/>
        <line num="31" count="10" type="stmt"/>
        <line num="34" count="10" type="stmt"/>
        <line num="35" count="10" type="stmt"/>
        <line num="36" count="350" type="cond" truecount="4" falsecount="0"/>
        <line num="37" count="7" type="stmt"/>
        <line num="38" count="350" type="cond" truecount="2" falsecount="0"/>
        <line num="40" count="10" type="cond" truecount="4" falsecount="0"/>
        <line num="43" count="10" type="stmt"/>
        <line num="44" count="10" type="stmt"/>
        <line num="45" count="349" type="cond" truecount="2" falsecount="0"/>
        <line num="46" count="347" type="cond" truecount="2" falsecount="0"/>
        <line num="48" count="10" type="cond" truecount="2" falsecount="0"/>
        <line num="50" count="10" type="stmt"/>
        <line num="54" count="0" type="stmt"/>
        <line num="55" count="0" type="stmt"/>
        <line num="56" count="0" type="cond" truecount="0" falsecount="2"/>
        <line num="58" count="0" type="stmt"/>
        <line num="60" count="0" type="stmt"/>
        <line num="61" count="0" type="cond" truecount="0" falsecount="2"/>
        <line num="62" count="0" type="stmt"/>
        <line num="70" count="0" type="stmt"/>
        <line num="76" count="0" type="stmt"/>
        <line num="77" count="0" type="stmt"/>
        <line num="79" count="0" type="stmt"/>
        <line num="82" count="0" type="stmt"/>
        <line num="83" count="0" type="cond" truecount="0" falsecount="2"/>
        <line num="84" count="0" type="stmt"/>
        <line num="85" count="0" type="stmt"/>
        <line num="89" count="0" type="stmt"/>
        <line num="91" count="0" type="stmt"/>
      </file>
    </package>
    <package name="src.app.addon.services">
      <metrics statements="247" coveredstatements="204" conditionals="146" coveredconditionals="106" methods="91" coveredmethods="75"/>
      <file name="dbService.ts" path="I:\Dev\WoW\_Workspace\code_Chronicles-tauri\src\app\addon\services\dbService.ts">
        <metrics statements="147" coveredstatements="118" conditionals="100" coveredconditionals="73" methods="53" coveredmethods="43"/>
        <line num="16" count="2" type="cond" truecount="2" falsecount="0"/>
        <line num="17" count="2" type="stmt"/>
        <line num="18" count="2" type="stmt"/>
        <line num="19" count="2" type="stmt"/>
        <line num="24" count="7" type="stmt"/>
        <line num="26" count="7" type="stmt"/>
        <line num="27" count="7" type="stmt"/>
        <line num="29" count="7" type="stmt"/>
        <line num="30" count="7" type="stmt"/>
        <line num="32" count="7" type="stmt"/>
        <line num="33" count="7" type="stmt"/>
        <line num="35" count="7" type="stmt"/>
        <line num="36" count="7" type="stmt"/>
        <line num="38" count="7" type="stmt"/>
        <line num="39" count="7" type="stmt"/>
        <line num="41" count="7" type="stmt"/>
        <line num="44" count="7" type="stmt"/>
        <line num="47" count="20" type="stmt"/>
        <line num="48" count="20" type="stmt"/>
        <line num="53" count="3" type="stmt"/>
        <line num="54" count="3" type="stmt"/>
        <line num="55" count="3" type="stmt"/>
        <line num="59" count="3" type="stmt"/>
        <line num="60" count="3" type="stmt"/>
        <line num="61" count="3" type="stmt"/>
        <line num="65" count="6" type="stmt"/>
        <line num="66" count="6" type="stmt"/>
        <line num="70" count="6" type="stmt"/>
        <line num="71" count="6" type="stmt"/>
        <line num="75" count="7" type="stmt"/>
        <line num="77" count="5" type="cond" truecount="1" falsecount="1"/>
        <line num="83" count="0" type="stmt"/>
        <line num="85" count="5" type="stmt"/>
        <line num="86" count="5" type="stmt"/>
        <line num="90" count="5" type="stmt"/>
        <line num="93" count="7" type="stmt"/>
        <line num="95" count="5" type="cond" truecount="1" falsecount="1"/>
        <line num="101" count="0" type="stmt"/>
        <line num="103" count="5" type="stmt"/>
        <line num="105" count="1" type="cond" truecount="2" falsecount="0"/>
        <line num="108" count="5" type="stmt"/>
        <line num="110" count="1" type="cond" truecount="2" falsecount="0"/>
        <line num="113" count="5" type="stmt"/>
        <line num="115" count="1" type="cond" truecount="2" falsecount="0"/>
        <line num="120" count="5" type="cond" truecount="2" falsecount="0"/>
        <line num="124" count="5" type="cond" truecount="2" falsecount="0"/>
        <line num="130" count="5" type="cond" truecount="2" falsecount="0"/>
        <line num="137" count="5" type="stmt"/>
        <line num="139" count="5" type="stmt"/>
        <line num="142" count="7" type="stmt"/>
        <line num="144" count="7" type="stmt"/>
        <line num="148" count="7" type="stmt"/>
        <line num="152" count="7" type="stmt"/>
        <line num="154" count="5" type="cond" truecount="1" falsecount="1"/>
        <line num="160" count="0" type="stmt"/>
        <line num="162" count="5" type="stmt"/>
        <line num="164" count="1" type="cond" truecount="2" falsecount="0"/>
        <line num="167" count="5" type="stmt"/>
        <line num="169" count="1" type="cond" truecount="2" falsecount="0"/>
        <line num="172" count="5" type="stmt"/>
        <line num="174" count="1" type="cond" truecount="2" falsecount="0"/>
        <line num="179" count="5" type="cond" truecount="2" falsecount="0"/>
        <line num="187" count="5" type="cond" truecount="2" falsecount="0"/>
        <line num="195" count="5" type="cond" truecount="2" falsecount="0"/>
        <line num="203" count="5" type="stmt"/>
        <line num="205" count="5" type="stmt"/>
        <line num="208" count="7" type="stmt"/>
        <line num="210" count="7" type="stmt"/>
        <line num="217" count="7" type="stmt"/>
        <line num="219" count="5" type="cond" truecount="3" falsecount="1"/>
        <line num="221" count="5" type="stmt"/>
        <line num="223" count="1" type="cond" truecount="2" falsecount="0"/>
        <line num="226" count="5" type="cond" truecount="2" falsecount="0"/>
        <line num="227" count="1" type="stmt"/>
        <line num="228" count="1" type="stmt"/>
        <line num="229" count="1" type="stmt"/>
        <line num="232" count="1" type="stmt"/>
        <line num="234" count="1" type="stmt"/>
        <line num="239" count="5" type="stmt"/>
        <line num="240" count="7" type="stmt"/>
        <line num="244" count="1" type="cond" truecount="1" falsecount="1"/>
        <line num="245" count="1" type="cond" truecount="1" falsecount="1"/>
        <line num="246" count="1" type="cond" truecount="1" falsecount="1"/>
        <line num="248" count="1" type="stmt"/>
        <line num="264" count="1" type="cond" truecount="1" falsecount="1"/>
        <line num="266" count="1" type="stmt"/>
        <line num="268" count="0" type="stmt"/>
        <line num="269" count="0" type="cond" truecount="0" falsecount="4"/>
        <line num="271" count="0" type="cond" truecount="0" falsecount="2"/>
        <line num="272" count="0" type="stmt"/>
        <line num="277" count="0" type="stmt"/>
        <line num="278" count="0" type="stmt"/>
        <line num="282" count="1" type="stmt"/>
        <line num="283" count="0" type="stmt"/>
        <line num="284" count="0" type="stmt"/>
        <line num="285" count="0" type="stmt"/>
        <line num="287" count="0" type="stmt"/>
        <line num="289" count="1" type="stmt"/>
        <line num="293" count="1" type="cond" truecount="1" falsecount="1"/>
        <line num="294" count="1" type="stmt"/>
        <line num="296" count="0" type="stmt"/>
        <line num="297" count="0" type="cond" truecount="0" falsecount="4"/>
        <line num="298" count="0" type="cond" truecount="0" falsecount="2"/>
        <line num="299" count="0" type="stmt"/>
        <line num="304" count="0" type="stmt"/>
        <line num="305" count="0" type="stmt"/>
        <line num="309" count="1" type="stmt"/>
        <line num="310" count="0" type="stmt"/>
        <line num="311" count="0" type="stmt"/>
        <line num="312" count="0" type="stmt"/>
        <line num="314" count="0" type="stmt"/>
        <line num="316" count="1" type="stmt"/>
        <line num="320" count="3" type="stmt"/>
        <line num="322" count="0" type="cond" truecount="0" falsecount="2"/>
        <line num="326" count="0" type="stmt"/>
        <line num="327" count="0" type="stmt"/>
        <line num="328" count="0" type="stmt"/>
        <line num="330" count="0" type="stmt"/>
        <line num="336" count="7" type="stmt"/>
        <line num="338" count="5" type="cond" truecount="3" falsecount="1"/>
        <line num="340" count="5" type="stmt"/>
        <line num="342" count="1" type="cond" truecount="2" falsecount="0"/>
        <line num="345" count="5" type="cond" truecount="2" falsecount="0"/>
        <line num="347" count="1" type="stmt"/>
        <line num="348" count="1" type="stmt"/>
        <line num="349" count="1" type="stmt"/>
        <line num="352" count="1" type="stmt"/>
        <line num="354" count="1" type="stmt"/>
        <line num="359" count="5" type="stmt"/>
        <line num="360" count="7" type="stmt"/>
        <line num="363" count="1" type="cond" truecount="1" falsecount="1"/>
        <line num="365" count="1" type="stmt"/>
        <line num="379" count="7" type="stmt"/>
        <line num="381" count="5" type="cond" truecount="3" falsecount="1"/>
        <line num="383" count="5" type="stmt"/>
        <line num="385" count="1" type="cond" truecount="2" falsecount="0"/>
        <line num="388" count="5" type="cond" truecount="2" falsecount="0"/>
        <line num="390" count="1" type="stmt"/>
        <line num="391" count="1" type="stmt"/>
        <line num="395" count="1" type="stmt"/>
        <line num="398" count="1" type="stmt"/>
        <line num="401" count="1" type="stmt"/>
        <line num="406" count="5" type="stmt"/>
        <line num="408" count="7" type="stmt"/>
        <line num="411" count="1" type="cond" truecount="1" falsecount="1"/>
        <line num="413" count="1" type="stmt"/>
        <line num="424" count="0" type="stmt"/>
      </file>
      <file name="localeService.ts" path="I:\Dev\WoW\_Workspace\code_Chronicles-tauri\src\app\addon\services\localeService.ts">
        <metrics statements="99" coveredstatements="85" conditionals="46" coveredconditionals="33" methods="37" coveredmethods="31"/>
        <line num="26" count="3" type="stmt"/>
        <line num="42" count="6" type="stmt"/>
        <line num="46" count="44" type="stmt"/>
        <line num="47" count="44" type="stmt"/>
        <line num="52" count="44" type="stmt"/>
        <line num="61" count="44" type="stmt"/>
        <line num="62" count="44" type="stmt"/>
        <line num="63" count="44" type="stmt"/>
        <line num="64" count="44" type="stmt"/>
        <line num="68" count="6" type="stmt"/>
        <line num="70" count="5" type="stmt"/>
        <line num="72" count="2" type="cond" truecount="2" falsecount="0"/>
        <line num="75" count="5" type="stmt"/>
        <line num="77" count="1" type="cond" truecount="2" falsecount="0"/>
        <line num="80" count="5" type="stmt"/>
        <line num="82" count="1" type="cond" truecount="2" falsecount="0"/>
        <line num="86" count="5" type="stmt"/>
        <line num="87" count="55" type="stmt"/>
        <line num="89" count="55" type="cond" truecount="2" falsecount="0"/>
        <line num="90" count="22" type="stmt"/>
        <line num="97" count="22" type="stmt"/>
        <line num="106" count="22" type="stmt"/>
        <line num="108" count="55" type="cond" truecount="2" falsecount="0"/>
        <line num="109" count="11" type="stmt"/>
        <line num="116" count="11" type="stmt"/>
        <line num="125" count="11" type="stmt"/>
        <line num="127" count="55" type="cond" truecount="2" falsecount="0"/>
        <line num="128" count="11" type="stmt"/>
        <line num="135" count="11" type="stmt"/>
        <line num="144" count="11" type="stmt"/>
        <line num="147" count="55" type="stmt"/>
        <line num="150" count="5" type="stmt"/>
        <line num="151" count="5" type="stmt"/>
        <line num="152" count="55" type="stmt"/>
        <line num="154" count="5" type="stmt"/>
        <line num="158" count="6" type="stmt"/>
        <line num="159" count="6" type="stmt"/>
        <line num="160" count="5" type="stmt"/>
        <line num="163" count="6" type="stmt"/>
        <line num="164" count="6" type="stmt"/>
        <line num="166" count="6" type="stmt"/>
        <line num="167" count="6" type="stmt"/>
        <line num="171" count="6" type="stmt"/>
        <line num="173" count="44" type="stmt"/>
        <line num="175" count="44" type="stmt"/>
        <line num="182" count="4" type="stmt"/>
        <line num="185" count="44" type="cond" truecount="2" falsecount="0"/>
        <line num="186" count="4" type="stmt"/>
        <line num="187" count="4" type="stmt"/>
        <line num="191" count="4" type="stmt"/>
        <line num="193" count="40" type="stmt"/>
        <line num="195" count="44" type="stmt"/>
        <line num="199" count="6" type="stmt"/>
        <line num="201" count="44" type="stmt"/>
        <line num="204" count="44" type="stmt"/>
        <line num="214" count="4" type="stmt"/>
        <line num="218" count="6" type="stmt"/>
        <line num="222" count="6" type="stmt"/>
        <line num="229" count="22" type="stmt"/>
        <line num="230" count="22" type="stmt"/>
        <line num="231" count="22" type="stmt"/>
        <line num="232" count="22" type="stmt"/>
        <line num="233" count="0" type="cond" truecount="0" falsecount="2"/>
        <line num="234" count="0" type="stmt"/>
        <line num="238" count="0" type="stmt"/>
        <line num="239" count="0" type="stmt"/>
        <line num="243" count="22" type="stmt"/>
        <line num="249" count="11" type="stmt"/>
        <line num="250" count="11" type="stmt"/>
        <line num="251" count="11" type="stmt"/>
        <line num="252" count="11" type="stmt"/>
        <line num="253" count="0" type="cond" truecount="0" falsecount="2"/>
        <line num="254" count="0" type="stmt"/>
        <line num="258" count="0" type="stmt"/>
        <line num="259" count="0" type="stmt"/>
        <line num="263" count="11" type="stmt"/>
        <line num="269" count="11" type="stmt"/>
        <line num="270" count="11" type="stmt"/>
        <line num="271" count="11" type="stmt"/>
        <line num="274" count="11" type="stmt"/>
        <line num="275" count="0" type="cond" truecount="0" falsecount="2"/>
        <line num="276" count="0" type="stmt"/>
        <line num="280" count="0" type="stmt"/>
        <line num="281" count="0" type="stmt"/>
        <line num="285" count="11" type="stmt"/>
        <line num="292" count="44" type="stmt"/>
        <line num="301" count="44" type="stmt"/>
        <line num="309" count="44" type="cond" truecount="2" falsecount="0"/>
        <line num="310" count="40" type="stmt"/>
        <line num="312" count="4" type="stmt"/>
        <line num="313" count="4" type="cond" truecount="1" falsecount="1"/>
        <line num="314" count="0" type="stmt"/>
        <line num="316" count="4" type="stmt"/>
        <line num="318" count="4" type="stmt"/>
        <line num="325" count="44" type="cond" truecount="1" falsecount="1"/>
        <line num="326" count="44" type="cond" truecount="3" falsecount="1"/>
        <line num="327" count="40" type="cond" truecount="2" falsecount="2"/>
        <line num="328" count="0" type="cond" truecount="0" falsecount="2"/>
        <line num="330" count="40" type="stmt"/>
      </file>
      <file name="luaUtils.ts" path="I:\Dev\WoW\_Workspace\code_Chronicles-tauri\src\app\addon\services\luaUtils.ts">
        <metrics statements="1" coveredstatements="1" conditionals="0" coveredconditionals="0" methods="1" coveredmethods="1"/>
        <line num="12" count="19" type="stmt"/>
      </file>
    </package>
    <package name="src.components">
      <metrics statements="7" coveredstatements="7" conditionals="4" coveredconditionals="4" methods="4" coveredmethods="4"/>
      <file name="ErrorBoundary.tsx" path="I:\Dev\WoW\_Workspace\code_Chronicles-tauri\src\components\ErrorBoundary.tsx">
        <metrics statements="7" coveredstatements="7" conditionals="4" coveredconditionals="4" methods="4" coveredmethods="4"/>
        <line num="14" count="5" type="stmt"/>
        <line num="20" count="4" type="stmt"/>
        <line num="24" count="2" type="stmt"/>
        <line num="28" count="9" type="cond" truecount="2" falsecount="0"/>
        <line num="29" count="4" type="stmt"/>
        <line num="35" count="1" type="stmt"/>
        <line num="49" count="5" type="stmt"/>
      </file>
    </package>
    <package name="src.database">
      <metrics statements="2" coveredstatements="2" conditionals="0" coveredconditionals="0" methods="0" coveredmethods="0"/>
      <file name="dbcontext.ts" path="I:\Dev\WoW\_Workspace\code_Chronicles-tauri\src\database\dbcontext.ts">
        <metrics statements="2" coveredstatements="2" conditionals="0" coveredconditionals="0" methods="0" coveredmethods="0"/>
        <line num="45" count="1" type="stmt"/>
        <line num="91" count="1" type="stmt"/>
      </file>
    </package>
    <package name="src.database.models.appObjects">
      <metrics statements="5" coveredstatements="4" conditionals="4" coveredconditionals="3" methods="2" coveredmethods="2"/>
      <file name="Locale.ts" path="I:\Dev\WoW\_Workspace\code_Chronicles-tauri\src\database\models\appObjects\Locale.ts">
        <metrics statements="5" coveredstatements="4" conditionals="4" coveredconditionals="3" methods="2" coveredmethods="2"/>
        <line num="14" count="91" type="stmt"/>
        <line num="25" count="91" type="stmt"/>
        <line num="29" count="91" type="cond" truecount="3" falsecount="1"/>
        <line num="30" count="0" type="stmt"/>
        <line num="32" count="91" type="stmt"/>
      </file>
    </package>
  </project>
</coverage>
