{"I:\\Dev\\WoW\\_Workspace\\code_Chronicles-tauri\\src\\constants.tsx": {"path":"I:\\Dev\\WoW\\_Workspace\\code_Chronicles-tauri\\src\\constants.tsx","statementMap":{"0":{"start":{"line":4,"column":7},"end":{"line":4,"column":null}},"1":{"start":{"line":5,"column":4},"end":{"line":5,"column":null}},"2":{"start":{"line":6,"column":4},"end":{"line":6,"column":null}},"3":{"start":{"line":4,"column":12},"end":{"line":4,"column":null}},"4":{"start":{"line":9,"column":25},"end":{"line":12,"column":null}},"5":{"start":{"line":15,"column":37},"end":{"line":18,"column":null}},"6":{"start":{"line":25,"column":41},"end":{"line":33,"column":null}},"7":{"start":{"line":35,"column":40},"end":{"line":40,"column":null}},"8":{"start":{"line":42,"column":7},"end":{"line":42,"column":null}},"9":{"start":{"line":43,"column":4},"end":{"line":43,"column":null}},"10":{"start":{"line":44,"column":4},"end":{"line":44,"column":null}},"11":{"start":{"line":45,"column":4},"end":{"line":45,"column":null}},"12":{"start":{"line":46,"column":4},"end":{"line":46,"column":null}},"13":{"start":{"line":47,"column":4},"end":{"line":47,"column":null}},"14":{"start":{"line":48,"column":4},"end":{"line":48,"column":null}},"15":{"start":{"line":49,"column":4},"end":{"line":49,"column":null}},"16":{"start":{"line":50,"column":4},"end":{"line":50,"column":null}},"17":{"start":{"line":51,"column":4},"end":{"line":51,"column":null}},"18":{"start":{"line":52,"column":4},"end":{"line":52,"column":null}},"19":{"start":{"line":53,"column":4},"end":{"line":53,"column":null}},"20":{"start":{"line":42,"column":12},"end":{"line":42,"column":null}}},"fnMap":{"0":{"name":"(anonymous_0)","decl":{"start":{"line":4,"column":7},"end":{"line":4,"column":12}},"loc":{"start":{"line":4,"column":7},"end":{"line":4,"column":null}},"line":4},"1":{"name":"(anonymous_1)","decl":{"start":{"line":42,"column":7},"end":{"line":42,"column":12}},"loc":{"start":{"line":42,"column":7},"end":{"line":42,"column":null}},"line":42}},"branchMap":{"0":{"loc":{"start":{"line":4,"column":12},"end":{"line":4,"column":null}},"type":"binary-expr","locations":[{"start":{"line":4,"column":12},"end":{"line":4,"column":null}},{"start":{"line":4,"column":12},"end":{"line":4,"column":null}}],"line":4},"1":{"loc":{"start":{"line":42,"column":12},"end":{"line":42,"column":null}},"type":"binary-expr","locations":[{"start":{"line":42,"column":12},"end":{"line":42,"column":null}},{"start":{"line":42,"column":12},"end":{"line":42,"column":null}}],"line":42}},"s":{"0":4,"1":4,"2":4,"3":4,"4":4,"5":4,"6":4,"7":4,"8":4,"9":4,"10":4,"11":4,"12":4,"13":4,"14":4,"15":4,"16":4,"17":4,"18":4,"19":4,"20":4},"f":{"0":4,"1":4},"b":{"0":[4,4],"1":[4,4]},"meta":{"lastBranch":2,"lastFunction":2,"lastStatement":21,"seen":{"s:4:7:4:Infinity":0,"f:4:7:4:12":0,"s:5:4:5:Infinity":1,"s:6:4:6:Infinity":2,"s:4:12:4:Infinity":3,"b:4:12:4:Infinity:4:12:4:Infinity":0,"s:9:25:12:Infinity":4,"s:15:37:18:Infinity":5,"s:25:41:33:Infinity":6,"s:35:40:40:Infinity":7,"s:42:7:42:Infinity":8,"f:42:7:42:12":1,"s:43:4:43:Infinity":9,"s:44:4:44:Infinity":10,"s:45:4:45:Infinity":11,"s:46:4:46:Infinity":12,"s:47:4:47:Infinity":13,"s:48:4:48:Infinity":14,"s:49:4:49:Infinity":15,"s:50:4:50:Infinity":16,"s:51:4:51:Infinity":17,"s:52:4:52:Infinity":18,"s:53:4:53:Infinity":19,"s:42:12:42:Infinity":20,"b:42:12:42:Infinity:42:12:42:Infinity":1}}}
,"I:\\Dev\\WoW\\_Workspace\\code_Chronicles-tauri\\src\\_utils\\localeUtils.ts": {"path":"I:\\Dev\\WoW\\_Workspace\\code_Chronicles-tauri\\src\\_utils\\localeUtils.ts","statementMap":{"0":{"start":{"line":21,"column":8},"end":{"line":41,"column":null}},"1":{"start":{"line":22,"column":30},"end":{"line":27,"column":null}},"2":{"start":{"line":28,"column":34},"end":{"line":31,"column":null}},"3":{"start":{"line":32,"column":12},"end":{"line":34,"column":null}},"4":{"start":{"line":33,"column":16},"end":{"line":33,"column":null}},"5":{"start":{"line":35,"column":12},"end":{"line":35,"column":null}},"6":{"start":{"line":36,"column":8},"end":{"line":41,"column":null}},"7":{"start":{"line":39,"column":12},"end":{"line":39,"column":null}},"8":{"start":{"line":40,"column":12},"end":{"line":40,"column":null}},"9":{"start":{"line":44,"column":8},"end":{"line":44,"column":null}},"10":{"start":{"line":59,"column":31},"end":{"line":59,"column":null}},"11":{"start":{"line":62,"column":8},"end":{"line":67,"column":null}},"12":{"start":{"line":63,"column":12},"end":{"line":66,"column":null}},"13":{"start":{"line":70,"column":8},"end":{"line":79,"column":null}},"14":{"start":{"line":71,"column":12},"end":{"line":78,"column":null}},"15":{"start":{"line":71,"column":25},"end":{"line":71,"column":28}},"16":{"start":{"line":72,"column":16},"end":{"line":77,"column":null}},"17":{"start":{"line":73,"column":20},"end":{"line":76,"column":null}},"18":{"start":{"line":81,"column":8},"end":{"line":81,"column":null}}},"fnMap":{"0":{"name":"(anonymous_0)","decl":{"start":{"line":16,"column":17},"end":{"line":16,"column":null}},"loc":{"start":{"line":19,"column":23},"end":{"line":45,"column":null}},"line":19},"1":{"name":"(anonymous_1)","decl":{"start":{"line":54,"column":17},"end":{"line":54,"column":null}},"loc":{"start":{"line":57,"column":24},"end":{"line":82,"column":null}},"line":57}},"branchMap":{"0":{"loc":{"start":{"line":21,"column":8},"end":{"line":41,"column":null}},"type":"if","locations":[{"start":{"line":21,"column":8},"end":{"line":41,"column":null}},{"start":{"line":36,"column":8},"end":{"line":41,"column":null}}],"line":21},"1":{"loc":{"start":{"line":21,"column":12},"end":{"line":21,"column":44}},"type":"binary-expr","locations":[{"start":{"line":21,"column":12},"end":{"line":21,"column":26}},{"start":{"line":21,"column":26},"end":{"line":21,"column":44}}],"line":21},"2":{"loc":{"start":{"line":24,"column":24},"end":{"line":24,"column":null}},"type":"cond-expr","locations":[{"start":{"line":24,"column":54},"end":{"line":24,"column":70}},{"start":{"line":24,"column":70},"end":{"line":24,"column":null}}],"line":24},"3":{"loc":{"start":{"line":26,"column":30},"end":{"line":26,"column":null}},"type":"binary-expr","locations":[{"start":{"line":26,"column":30},"end":{"line":26,"column":53}},{"start":{"line":26,"column":53},"end":{"line":26,"column":null}}],"line":26},"4":{"loc":{"start":{"line":32,"column":12},"end":{"line":34,"column":null}},"type":"if","locations":[{"start":{"line":32,"column":12},"end":{"line":34,"column":null}},{"start":{},"end":{}}],"line":32},"5":{"loc":{"start":{"line":36,"column":8},"end":{"line":41,"column":null}},"type":"if","locations":[{"start":{"line":36,"column":8},"end":{"line":41,"column":null}},{"start":{},"end":{}}],"line":36},"6":{"loc":{"start":{"line":62,"column":8},"end":{"line":67,"column":null}},"type":"if","locations":[{"start":{"line":62,"column":8},"end":{"line":67,"column":null}},{"start":{},"end":{}}],"line":62},"7":{"loc":{"start":{"line":70,"column":8},"end":{"line":79,"column":null}},"type":"if","locations":[{"start":{"line":70,"column":8},"end":{"line":79,"column":null}},{"start":{},"end":{}}],"line":70},"8":{"loc":{"start":{"line":72,"column":16},"end":{"line":77,"column":null}},"type":"if","locations":[{"start":{"line":72,"column":16},"end":{"line":77,"column":null}},{"start":{},"end":{}}],"line":72}},"s":{"0":8,"1":7,"2":7,"3":7,"4":1,"5":6,"6":1,"7":1,"8":1,"9":0,"10":2,"11":2,"12":1,"13":2,"14":2,"15":2,"16":2,"17":2,"18":2},"f":{"0":1,"1":1},"b":{"0":[7,1],"1":[8,7],"2":[7,0],"3":[7,0],"4":[1,6],"5":[1,0],"6":[1,1],"7":[2,0],"8":[2,0]},"meta":{"lastBranch":9,"lastFunction":2,"lastStatement":19,"seen":{"f:16:17:16:Infinity":0,"b:21:8:41:Infinity:36:8:41:Infinity":0,"s:21:8:41:Infinity":0,"b:21:12:21:26:21:26:21:44":1,"s:22:30:27:Infinity":1,"b:24:54:24:70:24:70:24:Infinity":2,"b:26:30:26:53:26:53:26:Infinity":3,"s:28:34:31:Infinity":2,"b:32:12:34:Infinity:undefined:undefined:undefined:undefined":4,"s:32:12:34:Infinity":3,"s:33:16:33:Infinity":4,"s:35:12:35:Infinity":5,"b:36:8:41:Infinity:undefined:undefined:undefined:undefined":5,"s:36:8:41:Infinity":6,"s:39:12:39:Infinity":7,"s:40:12:40:Infinity":8,"s:44:8:44:Infinity":9,"f:54:17:54:Infinity":1,"s:59:31:59:Infinity":10,"b:62:8:67:Infinity:undefined:undefined:undefined:undefined":6,"s:62:8:67:Infinity":11,"s:63:12:66:Infinity":12,"b:70:8:79:Infinity:undefined:undefined:undefined:undefined":7,"s:70:8:79:Infinity":13,"s:71:12:78:Infinity":14,"s:71:25:71:28":15,"b:72:16:77:Infinity:undefined:undefined:undefined:undefined":8,"s:72:16:77:Infinity":16,"s:73:20:76:Infinity":17,"s:81:8:81:Infinity":18}}}
,"I:\\Dev\\WoW\\_Workspace\\code_Chronicles-tauri\\src\\app\\addon\\generator.ts": {"path":"I:\\Dev\\WoW\\_Workspace\\code_Chronicles-tauri\\src\\app\\addon\\generator.ts","statementMap":{"0":{"start":{"line":31,"column":29},"end":{"line":31,"column":null}},"1":{"start":{"line":34,"column":16},"end":{"line":34,"column":null}},"2":{"start":{"line":35,"column":4},"end":{"line":39,"column":null}},"3":{"start":{"line":36,"column":8},"end":{"line":37,"column":null}},"4":{"start":{"line":36,"column":24},"end":{"line":36,"column":null}},"5":{"start":{"line":36,"column":24},"end":{"line":37,"column":null}},"6":{"start":{"line":37,"column":29},"end":{"line":37,"column":null}},"7":{"start":{"line":38,"column":8},"end":{"line":38,"column":null}},"8":{"start":{"line":38,"column":25},"end":{"line":38,"column":83}},"9":{"start":{"line":38,"column":83},"end":{"line":38,"column":90}},"10":{"start":{"line":40,"column":4},"end":{"line":40,"column":null}},"11":{"start":{"line":40,"column":21},"end":{"line":40,"column":null}},"12":{"start":{"line":43,"column":21},"end":{"line":43,"column":null}},"13":{"start":{"line":44,"column":4},"end":{"line":47,"column":null}},"14":{"start":{"line":44,"column":17},"end":{"line":44,"column":20}},"15":{"start":{"line":45,"column":8},"end":{"line":45,"column":null}},"16":{"start":{"line":45,"column":36},"end":{"line":45,"column":41}},"17":{"start":{"line":45,"column":41},"end":{"line":45,"column":51}},"18":{"start":{"line":46,"column":8},"end":{"line":46,"column":null}},"19":{"start":{"line":46,"column":32},"end":{"line":46,"column":null}},"20":{"start":{"line":48,"column":4},"end":{"line":48,"column":null}},"21":{"start":{"line":48,"column":30},"end":{"line":48,"column":null}},"22":{"start":{"line":50,"column":4},"end":{"line":50,"column":null}},"23":{"start":{"line":54,"column":13},"end":{"line":92,"column":null}},"24":{"start":{"line":55,"column":35},"end":{"line":55,"column":null}},"25":{"start":{"line":56,"column":8},"end":{"line":90,"column":null}},"26":{"start":{"line":58,"column":40},"end":{"line":68,"column":null}},"27":{"start":{"line":60,"column":34},"end":{"line":60,"column":null}},"28":{"start":{"line":61,"column":42},"end":{"line":61,"column":null}},"29":{"start":{"line":62,"column":20},"end":{"line":66,"column":null}},"30":{"start":{"line":70,"column":65},"end":{"line":75,"column":null}},"31":{"start":{"line":76,"column":27},"end":{"line":76,"column":null}},"32":{"start":{"line":77,"column":23},"end":{"line":77,"column":null}},"33":{"start":{"line":79,"column":42},"end":{"line":79,"column":null}},"34":{"start":{"line":82,"column":12},"end":{"line":87,"column":null}},"35":{"start":{"line":83,"column":16},"end":{"line":86,"column":null}},"36":{"start":{"line":84,"column":35},"end":{"line":84,"column":null}},"37":{"start":{"line":85,"column":20},"end":{"line":85,"column":null}},"38":{"start":{"line":89,"column":12},"end":{"line":89,"column":null}},"39":{"start":{"line":91,"column":8},"end":{"line":91,"column":null}}},"fnMap":{"0":{"name":"validateLuaContent","decl":{"start":{"line":30,"column":16},"end":{"line":30,"column":35}},"loc":{"start":{"line":30,"column":80},"end":{"line":51,"column":null}},"line":30},"1":{"name":"(anonymous_1)","decl":{"start":{"line":54,"column":13},"end":{"line":54,"column":29}},"loc":{"start":{"line":54,"column":94},"end":{"line":92,"column":null}},"line":54},"2":{"name":"(anonymous_2)","decl":{"start":{"line":59,"column":16},"end":{"line":59,"column":17}},"loc":{"start":{"line":59,"column":68},"end":{"line":67,"column":null}},"line":59}},"branchMap":{"0":{"loc":{"start":{"line":36,"column":8},"end":{"line":37,"column":null}},"type":"if","locations":[{"start":{"line":36,"column":8},"end":{"line":37,"column":null}},{"start":{"line":36,"column":24},"end":{"line":37,"column":null}}],"line":36},"1":{"loc":{"start":{"line":36,"column":24},"end":{"line":37,"column":null}},"type":"if","locations":[{"start":{"line":36,"column":24},"end":{"line":37,"column":null}},{"start":{},"end":{}}],"line":36},"2":{"loc":{"start":{"line":38,"column":8},"end":{"line":38,"column":null}},"type":"if","locations":[{"start":{"line":38,"column":8},"end":{"line":38,"column":null}},{"start":{},"end":{}}],"line":38},"3":{"loc":{"start":{"line":40,"column":4},"end":{"line":40,"column":null}},"type":"if","locations":[{"start":{"line":40,"column":4},"end":{"line":40,"column":null}},{"start":{},"end":{}}],"line":40},"4":{"loc":{"start":{"line":40,"column":72},"end":{"line":40,"column":92}},"type":"cond-expr","locations":[{"start":{"line":40,"column":84},"end":{"line":40,"column":90}},{"start":{"line":40,"column":90},"end":{"line":40,"column":92}}],"line":40},"5":{"loc":{"start":{"line":45,"column":8},"end":{"line":45,"column":null}},"type":"if","locations":[{"start":{"line":45,"column":8},"end":{"line":45,"column":null}},{"start":{},"end":{}}],"line":45},"6":{"loc":{"start":{"line":46,"column":8},"end":{"line":46,"column":null}},"type":"if","locations":[{"start":{"line":46,"column":8},"end":{"line":46,"column":null}},{"start":{},"end":{}}],"line":46},"7":{"loc":{"start":{"line":48,"column":4},"end":{"line":48,"column":null}},"type":"if","locations":[{"start":{"line":48,"column":4},"end":{"line":48,"column":null}},{"start":{},"end":{}}],"line":48},"8":{"loc":{"start":{"line":56,"column":8},"end":{"line":90,"column":null}},"type":"if","locations":[{"start":{"line":56,"column":8},"end":{"line":90,"column":null}},{"start":{},"end":{}}],"line":56},"9":{"loc":{"start":{"line":61,"column":42},"end":{"line":61,"column":null}},"type":"cond-expr","locations":[{"start":{"line":61,"column":54},"end":{"line":61,"column":70}},{"start":{"line":61,"column":70},"end":{"line":61,"column":null}}],"line":61},"10":{"loc":{"start":{"line":83,"column":16},"end":{"line":86,"column":null}},"type":"if","locations":[{"start":{"line":83,"column":16},"end":{"line":86,"column":null}},{"start":{},"end":{}}],"line":83}},"s":{"0":10,"1":10,"2":10,"3":350,"4":9,"5":341,"6":7,"7":350,"8":1,"9":1,"10":10,"11":4,"12":10,"13":10,"14":10,"15":349,"16":2,"17":2,"18":347,"19":10,"20":10,"21":2,"22":10,"23":0,"24":0,"25":0,"26":0,"27":0,"28":0,"29":0,"30":0,"31":0,"32":0,"33":0,"34":0,"35":0,"36":0,"37":0,"38":0,"39":0},"f":{"0":10,"1":0,"2":0},"b":{"0":[9,341],"1":[7,334],"2":[1,349],"3":[4,6],"4":[3,1],"5":[2,347],"6":[10,337],"7":[2,8],"8":[0,0],"9":[0,0],"10":[0,0]},"meta":{"lastBranch":11,"lastFunction":3,"lastStatement":40,"seen":{"f:30:16:30:35":0,"s:31:29:31:Infinity":0,"s:34:16:34:Infinity":1,"s:35:4:39:Infinity":2,"b:36:8:37:Infinity:36:24:37:Infinity":0,"s:36:8:37:Infinity":3,"s:36:24:36:Infinity":4,"b:36:24:37:Infinity:undefined:undefined:undefined:undefined":1,"s:36:24:37:Infinity":5,"s:37:29:37:Infinity":6,"b:38:8:38:Infinity:undefined:undefined:undefined:undefined":2,"s:38:8:38:Infinity":7,"s:38:25:38:83":8,"s:38:83:38:90":9,"b:40:4:40:Infinity:undefined:undefined:undefined:undefined":3,"s:40:4:40:Infinity":10,"s:40:21:40:Infinity":11,"b:40:84:40:90:40:90:40:92":4,"s:43:21:43:Infinity":12,"s:44:4:47:Infinity":13,"s:44:17:44:20":14,"b:45:8:45:Infinity:undefined:undefined:undefined:undefined":5,"s:45:8:45:Infinity":15,"s:45:36:45:41":16,"s:45:41:45:51":17,"b:46:8:46:Infinity:undefined:undefined:undefined:undefined":6,"s:46:8:46:Infinity":18,"s:46:32:46:Infinity":19,"b:48:4:48:Infinity:undefined:undefined:undefined:undefined":7,"s:48:4:48:Infinity":20,"s:48:30:48:Infinity":21,"s:50:4:50:Infinity":22,"s:54:13:92:Infinity":23,"f:54:13:54:29":1,"s:55:35:55:Infinity":24,"b:56:8:90:Infinity:undefined:undefined:undefined:undefined":8,"s:56:8:90:Infinity":25,"s:58:40:68:Infinity":26,"f:59:16:59:17":2,"s:60:34:60:Infinity":27,"s:61:42:61:Infinity":28,"b:61:54:61:70:61:70:61:Infinity":9,"s:62:20:66:Infinity":29,"s:70:65:75:Infinity":30,"s:76:27:76:Infinity":31,"s:77:23:77:Infinity":32,"s:79:42:79:Infinity":33,"s:82:12:87:Infinity":34,"b:83:16:86:Infinity:undefined:undefined:undefined:undefined":10,"s:83:16:86:Infinity":35,"s:84:35:84:Infinity":36,"s:85:20:85:Infinity":37,"s:89:12:89:Infinity":38,"s:91:8:91:Infinity":39}}}
,"I:\\Dev\\WoW\\_Workspace\\code_Chronicles-tauri\\src\\app\\addon\\services\\dbService.ts": {"path":"I:\\Dev\\WoW\\_Workspace\\code_Chronicles-tauri\\src\\app\\addon\\services\\dbService.ts","statementMap":{"0":{"start":{"line":16,"column":7},"end":{"line":16,"column":null}},"1":{"start":{"line":17,"column":4},"end":{"line":17,"column":null}},"2":{"start":{"line":18,"column":4},"end":{"line":18,"column":null}},"3":{"start":{"line":19,"column":4},"end":{"line":19,"column":null}},"4":{"start":{"line":16,"column":12},"end":{"line":16,"column":null}},"5":{"start":{"line":44,"column":23},"end":{"line":44,"column":null}},"6":{"start":{"line":24,"column":37},"end":{"line":24,"column":null}},"7":{"start":{"line":26,"column":32},"end":{"line":26,"column":null}},"8":{"start":{"line":27,"column":8},"end":{"line":27,"column":null}},"9":{"start":{"line":29,"column":26},"end":{"line":29,"column":null}},"10":{"start":{"line":30,"column":8},"end":{"line":30,"column":null}},"11":{"start":{"line":32,"column":32},"end":{"line":32,"column":null}},"12":{"start":{"line":33,"column":8},"end":{"line":33,"column":null}},"13":{"start":{"line":35,"column":30},"end":{"line":35,"column":null}},"14":{"start":{"line":36,"column":8},"end":{"line":36,"column":null}},"15":{"start":{"line":38,"column":28},"end":{"line":38,"column":null}},"16":{"start":{"line":39,"column":8},"end":{"line":39,"column":null}},"17":{"start":{"line":41,"column":8},"end":{"line":41,"column":null}},"18":{"start":{"line":47,"column":8},"end":{"line":49,"column":null}},"19":{"start":{"line":48,"column":12},"end":{"line":48,"column":null}},"20":{"start":{"line":53,"column":26},"end":{"line":53,"column":null}},"21":{"start":{"line":54,"column":29},"end":{"line":54,"column":null}},"22":{"start":{"line":55,"column":8},"end":{"line":55,"column":null}},"23":{"start":{"line":59,"column":29},"end":{"line":59,"column":null}},"24":{"start":{"line":60,"column":27},"end":{"line":60,"column":null}},"25":{"start":{"line":61,"column":8},"end":{"line":61,"column":null}},"26":{"start":{"line":65,"column":29},"end":{"line":65,"column":null}},"27":{"start":{"line":66,"column":8},"end":{"line":66,"column":null}},"28":{"start":{"line":70,"column":29},"end":{"line":70,"column":null}},"29":{"start":{"line":71,"column":8},"end":{"line":71,"column":null}},"30":{"start":{"line":75,"column":22},"end":{"line":91,"column":null}},"31":{"start":{"line":77,"column":16},"end":{"line":83,"column":null}},"32":{"start":{"line":83,"column":20},"end":{"line":83,"column":null}},"33":{"start":{"line":85,"column":40},"end":{"line":85,"column":null}},"34":{"start":{"line":86,"column":16},"end":{"line":88,"column":null}},"35":{"start":{"line":90,"column":39},"end":{"line":90,"column":55}},"36":{"start":{"line":93,"column":29},"end":{"line":140,"column":null}},"37":{"start":{"line":95,"column":16},"end":{"line":101,"column":null}},"38":{"start":{"line":101,"column":20},"end":{"line":101,"column":null}},"39":{"start":{"line":103,"column":34},"end":{"line":107,"column":null}},"40":{"start":{"line":105,"column":24},"end":{"line":106,"column":null}},"41":{"start":{"line":108,"column":36},"end":{"line":112,"column":null}},"42":{"start":{"line":110,"column":24},"end":{"line":111,"column":null}},"43":{"start":{"line":113,"column":38},"end":{"line":118,"column":null}},"44":{"start":{"line":115,"column":24},"end":{"line":117,"column":null}},"45":{"start":{"line":120,"column":41},"end":{"line":123,"column":null}},"46":{"start":{"line":124,"column":43},"end":{"line":129,"column":null}},"47":{"start":{"line":130,"column":45},"end":{"line":135,"column":null}},"48":{"start":{"line":137,"column":16},"end":{"line":137,"column":null}},"49":{"start":{"line":139,"column":39},"end":{"line":139,"column":55}},"50":{"start":{"line":142,"column":24},"end":{"line":142,"column":null}},"51":{"start":{"line":144,"column":50},"end":{"line":147,"column":null}},"52":{"start":{"line":148,"column":8},"end":{"line":148,"column":null}},"53":{"start":{"line":152,"column":24},"end":{"line":206,"column":null}},"54":{"start":{"line":154,"column":16},"end":{"line":160,"column":null}},"55":{"start":{"line":160,"column":20},"end":{"line":160,"column":null}},"56":{"start":{"line":162,"column":34},"end":{"line":166,"column":null}},"57":{"start":{"line":164,"column":24},"end":{"line":165,"column":null}},"58":{"start":{"line":167,"column":36},"end":{"line":171,"column":null}},"59":{"start":{"line":169,"column":24},"end":{"line":170,"column":null}},"60":{"start":{"line":172,"column":38},"end":{"line":177,"column":null}},"61":{"start":{"line":174,"column":24},"end":{"line":176,"column":null}},"62":{"start":{"line":179,"column":35},"end":{"line":185,"column":null}},"63":{"start":{"line":187,"column":37},"end":{"line":193,"column":null}},"64":{"start":{"line":195,"column":39},"end":{"line":201,"column":null}},"65":{"start":{"line":203,"column":16},"end":{"line":203,"column":null}},"66":{"start":{"line":205,"column":39},"end":{"line":205,"column":55}},"67":{"start":{"line":208,"column":24},"end":{"line":208,"column":null}},"68":{"start":{"line":210,"column":8},"end":{"line":213,"column":null}},"69":{"start":{"line":217,"column":22},"end":{"line":239,"column":null}},"70":{"start":{"line":219,"column":16},"end":{"line":219,"column":null}},"71":{"start":{"line":219,"column":55},"end":{"line":219,"column":null}},"72":{"start":{"line":221,"column":39},"end":{"line":225,"column":null}},"73":{"start":{"line":223,"column":24},"end":{"line":224,"column":null}},"74":{"start":{"line":226,"column":16},"end":{"line":226,"column":null}},"75":{"start":{"line":226,"column":49},"end":{"line":226,"column":null}},"76":{"start":{"line":227,"column":37},"end":{"line":227,"column":null}},"77":{"start":{"line":228,"column":35},"end":{"line":228,"column":null}},"78":{"start":{"line":229,"column":39},"end":{"line":233,"column":null}},"79":{"start":{"line":232,"column":36},"end":{"line":232,"column":63}},"80":{"start":{"line":234,"column":16},"end":{"line":237,"column":null}},"81":{"start":{"line":239,"column":51},"end":{"line":239,"column":64}},"82":{"start":{"line":240,"column":8},"end":{"line":240,"column":null}},"83":{"start":{"line":244,"column":26},"end":{"line":244,"column":null}},"84":{"start":{"line":245,"column":24},"end":{"line":245,"column":null}},"85":{"start":{"line":246,"column":25},"end":{"line":246,"column":null}},"86":{"start":{"line":248,"column":8},"end":{"line":260,"column":null}},"87":{"start":{"line":264,"column":25},"end":{"line":264,"column":null}},"88":{"start":{"line":266,"column":29},"end":{"line":281,"column":null}},"89":{"start":{"line":268,"column":27},"end":{"line":268,"column":null}},"90":{"start":{"line":269,"column":16},"end":{"line":269,"column":null}},"91":{"start":{"line":269,"column":57},"end":{"line":269,"column":null}},"92":{"start":{"line":271,"column":16},"end":{"line":276,"column":null}},"93":{"start":{"line":272,"column":20},"end":{"line":275,"column":null}},"94":{"start":{"line":277,"column":16},"end":{"line":277,"column":null}},"95":{"start":{"line":278,"column":16},"end":{"line":278,"column":null}},"96":{"start":{"line":282,"column":33},"end":{"line":288,"column":null}},"97":{"start":{"line":283,"column":36},"end":{"line":283,"column":null}},"98":{"start":{"line":284,"column":31},"end":{"line":286,"column":null}},"99":{"start":{"line":285,"column":34},"end":{"line":285,"column":44}},"100":{"start":{"line":287,"column":12},"end":{"line":287,"column":null}},"101":{"start":{"line":289,"column":8},"end":{"line":289,"column":null}},"102":{"start":{"line":293,"column":27},"end":{"line":293,"column":null}},"103":{"start":{"line":294,"column":31},"end":{"line":308,"column":null}},"104":{"start":{"line":296,"column":27},"end":{"line":296,"column":null}},"105":{"start":{"line":297,"column":16},"end":{"line":297,"column":null}},"106":{"start":{"line":297,"column":57},"end":{"line":297,"column":null}},"107":{"start":{"line":298,"column":16},"end":{"line":303,"column":null}},"108":{"start":{"line":299,"column":20},"end":{"line":302,"column":null}},"109":{"start":{"line":304,"column":16},"end":{"line":304,"column":null}},"110":{"start":{"line":305,"column":16},"end":{"line":305,"column":null}},"111":{"start":{"line":309,"column":33},"end":{"line":315,"column":null}},"112":{"start":{"line":310,"column":36},"end":{"line":310,"column":null}},"113":{"start":{"line":311,"column":33},"end":{"line":313,"column":null}},"114":{"start":{"line":312,"column":36},"end":{"line":312,"column":48}},"115":{"start":{"line":314,"column":12},"end":{"line":314,"column":null}},"116":{"start":{"line":316,"column":8},"end":{"line":316,"column":null}},"117":{"start":{"line":320,"column":8},"end":{"line":332,"column":null}},"118":{"start":{"line":322,"column":34},"end":{"line":324,"column":null}},"119":{"start":{"line":326,"column":33},"end":{"line":329,"column":null}},"120":{"start":{"line":327,"column":38},"end":{"line":327,"column":42}},"121":{"start":{"line":328,"column":35},"end":{"line":328,"column":68}},"122":{"start":{"line":330,"column":16},"end":{"line":330,"column":null}},"123":{"start":{"line":336,"column":22},"end":{"line":359,"column":null}},"124":{"start":{"line":338,"column":16},"end":{"line":338,"column":null}},"125":{"start":{"line":338,"column":55},"end":{"line":338,"column":null}},"126":{"start":{"line":340,"column":41},"end":{"line":344,"column":null}},"127":{"start":{"line":342,"column":24},"end":{"line":343,"column":null}},"128":{"start":{"line":345,"column":16},"end":{"line":345,"column":null}},"129":{"start":{"line":345,"column":51},"end":{"line":345,"column":null}},"130":{"start":{"line":347,"column":37},"end":{"line":347,"column":null}},"131":{"start":{"line":348,"column":35},"end":{"line":348,"column":null}},"132":{"start":{"line":349,"column":41},"end":{"line":353,"column":null}},"133":{"start":{"line":352,"column":38},"end":{"line":352,"column":69}},"134":{"start":{"line":354,"column":16},"end":{"line":357,"column":null}},"135":{"start":{"line":359,"column":51},"end":{"line":359,"column":64}},"136":{"start":{"line":360,"column":8},"end":{"line":360,"column":null}},"137":{"start":{"line":363,"column":25},"end":{"line":363,"column":null}},"138":{"start":{"line":365,"column":8},"end":{"line":373,"column":null}},"139":{"start":{"line":379,"column":22},"end":{"line":406,"column":null}},"140":{"start":{"line":381,"column":16},"end":{"line":381,"column":null}},"141":{"start":{"line":381,"column":55},"end":{"line":381,"column":null}},"142":{"start":{"line":383,"column":43},"end":{"line":387,"column":null}},"143":{"start":{"line":385,"column":24},"end":{"line":386,"column":null}},"144":{"start":{"line":388,"column":16},"end":{"line":388,"column":null}},"145":{"start":{"line":388,"column":53},"end":{"line":388,"column":null}},"146":{"start":{"line":390,"column":37},"end":{"line":390,"column":null}},"147":{"start":{"line":391,"column":35},"end":{"line":394,"column":null}},"148":{"start":{"line":395,"column":43},"end":{"line":399,"column":null}},"149":{"start":{"line":398,"column":40},"end":{"line":398,"column":75}},"150":{"start":{"line":401,"column":16},"end":{"line":404,"column":null}},"151":{"start":{"line":406,"column":51},"end":{"line":406,"column":64}},"152":{"start":{"line":408,"column":8},"end":{"line":408,"column":null}},"153":{"start":{"line":411,"column":25},"end":{"line":411,"column":null}},"154":{"start":{"line":413,"column":8},"end":{"line":425,"column":null}},"155":{"start":{"line":424,"column":26},"end":{"line":424,"column":32}}},"fnMap":{"0":{"name":"(anonymous_0)","decl":{"start":{"line":16,"column":7},"end":{"line":16,"column":12}},"loc":{"start":{"line":16,"column":7},"end":{"line":16,"column":null}},"line":16},"1":{"name":"(anonymous_1)","decl":{"start":{"line":23,"column":4},"end":{"line":23,"column":13}},"loc":{"start":{"line":23,"column":45},"end":{"line":42,"column":null}},"line":23},"2":{"name":"(anonymous_2)","decl":{"start":{"line":46,"column":12},"end":{"line":46,"column":29}},"loc":{"start":{"line":46,"column":49},"end":{"line":50,"column":null}},"line":46},"3":{"name":"(anonymous_3)","decl":{"start":{"line":47,"column":42},"end":{"line":47,"column":52}},"loc":{"start":{"line":47,"column":55},"end":{"line":49,"column":9}},"line":47},"4":{"name":"(anonymous_4)","decl":{"start":{"line":52,"column":12},"end":{"line":52,"column":30}},"loc":{"start":{"line":52,"column":70},"end":{"line":56,"column":null}},"line":52},"5":{"name":"(anonymous_5)","decl":{"start":{"line":58,"column":12},"end":{"line":58,"column":24}},"loc":{"start":{"line":58,"column":79},"end":{"line":62,"column":null}},"line":58},"6":{"name":"(anonymous_6)","decl":{"start":{"line":64,"column":12},"end":{"line":64,"column":28}},"loc":{"start":{"line":64,"column":63},"end":{"line":67,"column":null}},"line":64},"7":{"name":"(anonymous_7)","decl":{"start":{"line":69,"column":12},"end":{"line":69,"column":26}},"loc":{"start":{"line":69,"column":66},"end":{"line":72,"column":null}},"line":69},"8":{"name":"(anonymous_8)","decl":{"start":{"line":74,"column":12},"end":{"line":74,"column":34}},"loc":{"start":{"line":74,"column":79},"end":{"line":149,"column":null}},"line":74},"9":{"name":"(anonymous_9)","decl":{"start":{"line":76,"column":17},"end":{"line":76,"column":18}},"loc":{"start":{"line":76,"column":54},"end":{"line":89,"column":13}},"line":76},"10":{"name":"(anonymous_10)","decl":{"start":{"line":90,"column":20},"end":{"line":90,"column":21}},"loc":{"start":{"line":90,"column":39},"end":{"line":90,"column":55}},"line":90},"11":{"name":"(anonymous_11)","decl":{"start":{"line":94,"column":17},"end":{"line":94,"column":18}},"loc":{"start":{"line":94,"column":54},"end":{"line":138,"column":13}},"line":94},"12":{"name":"(anonymous_12)","decl":{"start":{"line":104,"column":20},"end":{"line":104,"column":21}},"loc":{"start":{"line":105,"column":24},"end":{"line":106,"column":null}},"line":105},"13":{"name":"(anonymous_13)","decl":{"start":{"line":109,"column":20},"end":{"line":109,"column":21}},"loc":{"start":{"line":110,"column":24},"end":{"line":111,"column":null}},"line":110},"14":{"name":"(anonymous_14)","decl":{"start":{"line":114,"column":20},"end":{"line":114,"column":21}},"loc":{"start":{"line":115,"column":24},"end":{"line":117,"column":null}},"line":115},"15":{"name":"(anonymous_15)","decl":{"start":{"line":139,"column":20},"end":{"line":139,"column":21}},"loc":{"start":{"line":139,"column":39},"end":{"line":139,"column":55}},"line":139},"16":{"name":"(anonymous_16)","decl":{"start":{"line":151,"column":12},"end":{"line":151,"column":28}},"loc":{"start":{"line":151,"column":73},"end":{"line":214,"column":null}},"line":151},"17":{"name":"(anonymous_17)","decl":{"start":{"line":153,"column":17},"end":{"line":153,"column":18}},"loc":{"start":{"line":153,"column":54},"end":{"line":204,"column":13}},"line":153},"18":{"name":"(anonymous_18)","decl":{"start":{"line":163,"column":20},"end":{"line":163,"column":21}},"loc":{"start":{"line":164,"column":24},"end":{"line":165,"column":null}},"line":164},"19":{"name":"(anonymous_19)","decl":{"start":{"line":168,"column":20},"end":{"line":168,"column":21}},"loc":{"start":{"line":169,"column":24},"end":{"line":170,"column":null}},"line":169},"20":{"name":"(anonymous_20)","decl":{"start":{"line":173,"column":20},"end":{"line":173,"column":21}},"loc":{"start":{"line":174,"column":24},"end":{"line":176,"column":null}},"line":174},"21":{"name":"(anonymous_21)","decl":{"start":{"line":205,"column":20},"end":{"line":205,"column":21}},"loc":{"start":{"line":205,"column":39},"end":{"line":205,"column":55}},"line":205},"22":{"name":"(anonymous_22)","decl":{"start":{"line":216,"column":12},"end":{"line":216,"column":30}},"loc":{"start":{"line":216,"column":77},"end":{"line":241,"column":null}},"line":216},"23":{"name":"(anonymous_23)","decl":{"start":{"line":218,"column":17},"end":{"line":218,"column":18}},"loc":{"start":{"line":218,"column":45},"end":{"line":238,"column":13}},"line":218},"24":{"name":"(anonymous_24)","decl":{"start":{"line":222,"column":20},"end":{"line":222,"column":21}},"loc":{"start":{"line":223,"column":24},"end":{"line":224,"column":null}},"line":223},"25":{"name":"(anonymous_25)","decl":{"start":{"line":232,"column":25},"end":{"line":232,"column":26}},"loc":{"start":{"line":232,"column":36},"end":{"line":232,"column":63}},"line":232},"26":{"name":"(anonymous_26)","decl":{"start":{"line":239,"column":20},"end":{"line":239,"column":21}},"loc":{"start":{"line":239,"column":51},"end":{"line":239,"column":64}},"line":239},"27":{"name":"(anonymous_27)","decl":{"start":{"line":243,"column":12},"end":{"line":243,"column":28}},"loc":{"start":{"line":243,"column":50},"end":{"line":261,"column":null}},"line":243},"28":{"name":"(anonymous_28)","decl":{"start":{"line":263,"column":12},"end":{"line":263,"column":27}},"loc":{"start":{"line":263,"column":49},"end":{"line":290,"column":null}},"line":263},"29":{"name":"(anonymous_29)","decl":{"start":{"line":267,"column":12},"end":{"line":267,"column":13}},"loc":{"start":{"line":267,"column":67},"end":{"line":279,"column":null}},"line":267},"30":{"name":"(anonymous_30)","decl":{"start":{"line":282,"column":66},"end":{"line":282,"column":67}},"loc":{"start":{"line":282,"column":76},"end":{"line":288,"column":9}},"line":282},"31":{"name":"(anonymous_31)","decl":{"start":{"line":285,"column":21},"end":{"line":285,"column":22}},"loc":{"start":{"line":285,"column":34},"end":{"line":285,"column":44}},"line":285},"32":{"name":"(anonymous_32)","decl":{"start":{"line":292,"column":12},"end":{"line":292,"column":29}},"loc":{"start":{"line":292,"column":51},"end":{"line":317,"column":null}},"line":292},"33":{"name":"(anonymous_33)","decl":{"start":{"line":295,"column":12},"end":{"line":295,"column":13}},"loc":{"start":{"line":295,"column":73},"end":{"line":306,"column":null}},"line":295},"34":{"name":"(anonymous_34)","decl":{"start":{"line":309,"column":68},"end":{"line":309,"column":69}},"loc":{"start":{"line":309,"column":78},"end":{"line":315,"column":9}},"line":309},"35":{"name":"(anonymous_35)","decl":{"start":{"line":312,"column":21},"end":{"line":312,"column":22}},"loc":{"start":{"line":312,"column":36},"end":{"line":312,"column":48}},"line":312},"36":{"name":"(anonymous_36)","decl":{"start":{"line":319,"column":12},"end":{"line":319,"column":27}},"loc":{"start":{"line":319,"column":56},"end":{"line":333,"column":null}},"line":319},"37":{"name":"(anonymous_37)","decl":{"start":{"line":321,"column":17},"end":{"line":321,"column":18}},"loc":{"start":{"line":321,"column":30},"end":{"line":331,"column":13}},"line":321},"38":{"name":"(anonymous_38)","decl":{"start":{"line":327,"column":28},"end":{"line":327,"column":29}},"loc":{"start":{"line":327,"column":38},"end":{"line":327,"column":42}},"line":327},"39":{"name":"(anonymous_39)","decl":{"start":{"line":328,"column":25},"end":{"line":328,"column":26}},"loc":{"start":{"line":328,"column":35},"end":{"line":328,"column":68}},"line":328},"40":{"name":"(anonymous_40)","decl":{"start":{"line":335,"column":12},"end":{"line":335,"column":32}},"loc":{"start":{"line":335,"column":79},"end":{"line":361,"column":null}},"line":335},"41":{"name":"(anonymous_41)","decl":{"start":{"line":337,"column":17},"end":{"line":337,"column":18}},"loc":{"start":{"line":337,"column":45},"end":{"line":358,"column":13}},"line":337},"42":{"name":"(anonymous_42)","decl":{"start":{"line":341,"column":20},"end":{"line":341,"column":21}},"loc":{"start":{"line":342,"column":24},"end":{"line":343,"column":null}},"line":342},"43":{"name":"(anonymous_43)","decl":{"start":{"line":352,"column":25},"end":{"line":352,"column":26}},"loc":{"start":{"line":352,"column":38},"end":{"line":352,"column":69}},"line":352},"44":{"name":"(anonymous_44)","decl":{"start":{"line":359,"column":20},"end":{"line":359,"column":21}},"loc":{"start":{"line":359,"column":51},"end":{"line":359,"column":64}},"line":359},"45":{"name":"(anonymous_45)","decl":{"start":{"line":362,"column":12},"end":{"line":362,"column":30}},"loc":{"start":{"line":362,"column":56},"end":{"line":374,"column":null}},"line":362},"46":{"name":"(anonymous_46)","decl":{"start":{"line":376,"column":12},"end":{"line":376,"column":null}},"loc":{"start":{"line":378,"column":21},"end":{"line":409,"column":null}},"line":378},"47":{"name":"(anonymous_47)","decl":{"start":{"line":380,"column":17},"end":{"line":380,"column":18}},"loc":{"start":{"line":380,"column":45},"end":{"line":405,"column":13}},"line":380},"48":{"name":"(anonymous_48)","decl":{"start":{"line":384,"column":20},"end":{"line":384,"column":21}},"loc":{"start":{"line":385,"column":24},"end":{"line":386,"column":null}},"line":385},"49":{"name":"(anonymous_49)","decl":{"start":{"line":398,"column":25},"end":{"line":398,"column":26}},"loc":{"start":{"line":398,"column":40},"end":{"line":398,"column":75}},"line":398},"50":{"name":"(anonymous_50)","decl":{"start":{"line":406,"column":20},"end":{"line":406,"column":21}},"loc":{"start":{"line":406,"column":51},"end":{"line":406,"column":64}},"line":406},"51":{"name":"(anonymous_51)","decl":{"start":{"line":410,"column":12},"end":{"line":410,"column":32}},"loc":{"start":{"line":410,"column":62},"end":{"line":426,"column":null}},"line":410},"52":{"name":"(anonymous_52)","decl":{"start":{"line":424,"column":17},"end":{"line":424,"column":18}},"loc":{"start":{"line":424,"column":26},"end":{"line":424,"column":32}},"line":424}},"branchMap":{"0":{"loc":{"start":{"line":16,"column":12},"end":{"line":16,"column":null}},"type":"binary-expr","locations":[{"start":{"line":16,"column":12},"end":{"line":16,"column":null}},{"start":{"line":16,"column":12},"end":{"line":16,"column":null}}],"line":16},"1":{"loc":{"start":{"line":77,"column":16},"end":{"line":83,"column":null}},"type":"if","locations":[{"start":{"line":77,"column":16},"end":{"line":83,"column":null}},{"start":{},"end":{}}],"line":77},"2":{"loc":{"start":{"line":78,"column":20},"end":{"line":81,"column":null}},"type":"binary-expr","locations":[{"start":{"line":78,"column":20},"end":{"line":78,"column":null}},{"start":{"line":79,"column":20},"end":{"line":79,"column":null}},{"start":{"line":80,"column":20},"end":{"line":80,"column":null}},{"start":{"line":81,"column":20},"end":{"line":81,"column":null}}],"line":78},"3":{"loc":{"start":{"line":95,"column":16},"end":{"line":101,"column":null}},"type":"if","locations":[{"start":{"line":95,"column":16},"end":{"line":101,"column":null}},{"start":{},"end":{}}],"line":95},"4":{"loc":{"start":{"line":96,"column":20},"end":{"line":99,"column":null}},"type":"binary-expr","locations":[{"start":{"line":96,"column":20},"end":{"line":96,"column":null}},{"start":{"line":97,"column":20},"end":{"line":97,"column":null}},{"start":{"line":98,"column":20},"end":{"line":98,"column":null}},{"start":{"line":99,"column":20},"end":{"line":99,"column":null}}],"line":96},"5":{"loc":{"start":{"line":105,"column":24},"end":{"line":106,"column":null}},"type":"binary-expr","locations":[{"start":{"line":105,"column":24},"end":{"line":105,"column":null}},{"start":{"line":106,"column":24},"end":{"line":106,"column":null}}],"line":105},"6":{"loc":{"start":{"line":110,"column":24},"end":{"line":111,"column":null}},"type":"binary-expr","locations":[{"start":{"line":110,"column":24},"end":{"line":110,"column":null}},{"start":{"line":111,"column":24},"end":{"line":111,"column":null}}],"line":110},"7":{"loc":{"start":{"line":115,"column":24},"end":{"line":117,"column":null}},"type":"binary-expr","locations":[{"start":{"line":115,"column":24},"end":{"line":115,"column":null}},{"start":{"line":116,"column":24},"end":{"line":117,"column":null}}],"line":115},"8":{"loc":{"start":{"line":120,"column":41},"end":{"line":123,"column":null}},"type":"cond-expr","locations":[{"start":{"line":121,"column":22},"end":{"line":122,"column":null}},{"start":{"line":123,"column":22},"end":{"line":123,"column":null}}],"line":120},"9":{"loc":{"start":{"line":124,"column":43},"end":{"line":129,"column":null}},"type":"cond-expr","locations":[{"start":{"line":125,"column":22},"end":{"line":128,"column":null}},{"start":{"line":129,"column":22},"end":{"line":129,"column":null}}],"line":124},"10":{"loc":{"start":{"line":130,"column":45},"end":{"line":135,"column":null}},"type":"cond-expr","locations":[{"start":{"line":131,"column":22},"end":{"line":134,"column":null}},{"start":{"line":135,"column":22},"end":{"line":135,"column":null}}],"line":130},"11":{"loc":{"start":{"line":154,"column":16},"end":{"line":160,"column":null}},"type":"if","locations":[{"start":{"line":154,"column":16},"end":{"line":160,"column":null}},{"start":{},"end":{}}],"line":154},"12":{"loc":{"start":{"line":155,"column":20},"end":{"line":158,"column":null}},"type":"binary-expr","locations":[{"start":{"line":155,"column":20},"end":{"line":155,"column":null}},{"start":{"line":156,"column":20},"end":{"line":156,"column":null}},{"start":{"line":157,"column":20},"end":{"line":157,"column":null}},{"start":{"line":158,"column":20},"end":{"line":158,"column":null}}],"line":155},"13":{"loc":{"start":{"line":164,"column":24},"end":{"line":165,"column":null}},"type":"binary-expr","locations":[{"start":{"line":164,"column":24},"end":{"line":164,"column":null}},{"start":{"line":165,"column":24},"end":{"line":165,"column":null}}],"line":164},"14":{"loc":{"start":{"line":169,"column":24},"end":{"line":170,"column":null}},"type":"binary-expr","locations":[{"start":{"line":169,"column":24},"end":{"line":169,"column":null}},{"start":{"line":170,"column":24},"end":{"line":170,"column":null}}],"line":169},"15":{"loc":{"start":{"line":174,"column":24},"end":{"line":176,"column":null}},"type":"binary-expr","locations":[{"start":{"line":174,"column":24},"end":{"line":174,"column":null}},{"start":{"line":175,"column":24},"end":{"line":176,"column":null}}],"line":174},"16":{"loc":{"start":{"line":179,"column":35},"end":{"line":185,"column":null}},"type":"cond-expr","locations":[{"start":{"line":180,"column":22},"end":{"line":184,"column":null}},{"start":{"line":185,"column":22},"end":{"line":185,"column":null}}],"line":179},"17":{"loc":{"start":{"line":187,"column":37},"end":{"line":193,"column":null}},"type":"cond-expr","locations":[{"start":{"line":188,"column":22},"end":{"line":192,"column":null}},{"start":{"line":193,"column":22},"end":{"line":193,"column":null}}],"line":187},"18":{"loc":{"start":{"line":195,"column":39},"end":{"line":201,"column":null}},"type":"cond-expr","locations":[{"start":{"line":196,"column":22},"end":{"line":200,"column":null}},{"start":{"line":201,"column":22},"end":{"line":201,"column":null}}],"line":195},"19":{"loc":{"start":{"line":219,"column":16},"end":{"line":219,"column":null}},"type":"if","locations":[{"start":{"line":219,"column":16},"end":{"line":219,"column":null}},{"start":{},"end":{}}],"line":219},"20":{"loc":{"start":{"line":219,"column":20},"end":{"line":219,"column":55}},"type":"binary-expr","locations":[{"start":{"line":219,"column":20},"end":{"line":219,"column":26}},{"start":{"line":219,"column":26},"end":{"line":219,"column":55}}],"line":219},"21":{"loc":{"start":{"line":223,"column":24},"end":{"line":224,"column":null}},"type":"binary-expr","locations":[{"start":{"line":223,"column":24},"end":{"line":223,"column":null}},{"start":{"line":224,"column":24},"end":{"line":224,"column":null}}],"line":223},"22":{"loc":{"start":{"line":226,"column":16},"end":{"line":226,"column":null}},"type":"if","locations":[{"start":{"line":226,"column":16},"end":{"line":226,"column":null}},{"start":{},"end":{}}],"line":226},"23":{"loc":{"start":{"line":244,"column":26},"end":{"line":244,"column":null}},"type":"binary-expr","locations":[{"start":{"line":244,"column":26},"end":{"line":244,"column":53}},{"start":{"line":244,"column":53},"end":{"line":244,"column":null}}],"line":244},"24":{"loc":{"start":{"line":245,"column":24},"end":{"line":245,"column":null}},"type":"binary-expr","locations":[{"start":{"line":245,"column":24},"end":{"line":245,"column":49}},{"start":{"line":245,"column":49},"end":{"line":245,"column":null}}],"line":245},"25":{"loc":{"start":{"line":246,"column":25},"end":{"line":246,"column":null}},"type":"binary-expr","locations":[{"start":{"line":246,"column":25},"end":{"line":246,"column":43}},{"start":{"line":246,"column":43},"end":{"line":246,"column":null}}],"line":246},"26":{"loc":{"start":{"line":264,"column":25},"end":{"line":264,"column":null}},"type":"binary-expr","locations":[{"start":{"line":264,"column":25},"end":{"line":264,"column":43}},{"start":{"line":264,"column":43},"end":{"line":264,"column":null}}],"line":264},"27":{"loc":{"start":{"line":269,"column":16},"end":{"line":269,"column":null}},"type":"if","locations":[{"start":{"line":269,"column":16},"end":{"line":269,"column":null}},{"start":{},"end":{}}],"line":269},"28":{"loc":{"start":{"line":269,"column":20},"end":{"line":269,"column":57}},"type":"binary-expr","locations":[{"start":{"line":269,"column":20},"end":{"line":269,"column":27}},{"start":{"line":269,"column":27},"end":{"line":269,"column":57}}],"line":269},"29":{"loc":{"start":{"line":271,"column":16},"end":{"line":276,"column":null}},"type":"if","locations":[{"start":{"line":271,"column":16},"end":{"line":276,"column":null}},{"start":{},"end":{}}],"line":271},"30":{"loc":{"start":{"line":293,"column":27},"end":{"line":293,"column":null}},"type":"binary-expr","locations":[{"start":{"line":293,"column":27},"end":{"line":293,"column":47}},{"start":{"line":293,"column":47},"end":{"line":293,"column":null}}],"line":293},"31":{"loc":{"start":{"line":297,"column":16},"end":{"line":297,"column":null}},"type":"if","locations":[{"start":{"line":297,"column":16},"end":{"line":297,"column":null}},{"start":{},"end":{}}],"line":297},"32":{"loc":{"start":{"line":297,"column":20},"end":{"line":297,"column":57}},"type":"binary-expr","locations":[{"start":{"line":297,"column":20},"end":{"line":297,"column":27}},{"start":{"line":297,"column":27},"end":{"line":297,"column":57}}],"line":297},"33":{"loc":{"start":{"line":298,"column":16},"end":{"line":303,"column":null}},"type":"if","locations":[{"start":{"line":298,"column":16},"end":{"line":303,"column":null}},{"start":{},"end":{}}],"line":298},"34":{"loc":{"start":{"line":322,"column":34},"end":{"line":324,"column":null}},"type":"cond-expr","locations":[{"start":{"line":322,"column":42},"end":{"line":323,"column":null}},{"start":{"line":324,"column":22},"end":{"line":324,"column":null}}],"line":322},"35":{"loc":{"start":{"line":338,"column":16},"end":{"line":338,"column":null}},"type":"if","locations":[{"start":{"line":338,"column":16},"end":{"line":338,"column":null}},{"start":{},"end":{}}],"line":338},"36":{"loc":{"start":{"line":338,"column":20},"end":{"line":338,"column":55}},"type":"binary-expr","locations":[{"start":{"line":338,"column":20},"end":{"line":338,"column":26}},{"start":{"line":338,"column":26},"end":{"line":338,"column":55}}],"line":338},"37":{"loc":{"start":{"line":342,"column":24},"end":{"line":343,"column":null}},"type":"binary-expr","locations":[{"start":{"line":342,"column":24},"end":{"line":342,"column":null}},{"start":{"line":343,"column":24},"end":{"line":343,"column":null}}],"line":342},"38":{"loc":{"start":{"line":345,"column":16},"end":{"line":345,"column":null}},"type":"if","locations":[{"start":{"line":345,"column":16},"end":{"line":345,"column":null}},{"start":{},"end":{}}],"line":345},"39":{"loc":{"start":{"line":363,"column":25},"end":{"line":363,"column":null}},"type":"binary-expr","locations":[{"start":{"line":363,"column":25},"end":{"line":363,"column":45}},{"start":{"line":363,"column":45},"end":{"line":363,"column":null}}],"line":363},"40":{"loc":{"start":{"line":370,"column":28},"end":{"line":370,"column":48}},"type":"binary-expr","locations":[{"start":{"line":370,"column":28},"end":{"line":370,"column":46}},{"start":{"line":370,"column":46},"end":{"line":370,"column":48}}],"line":370},"41":{"loc":{"start":{"line":381,"column":16},"end":{"line":381,"column":null}},"type":"if","locations":[{"start":{"line":381,"column":16},"end":{"line":381,"column":null}},{"start":{},"end":{}}],"line":381},"42":{"loc":{"start":{"line":381,"column":20},"end":{"line":381,"column":55}},"type":"binary-expr","locations":[{"start":{"line":381,"column":20},"end":{"line":381,"column":26}},{"start":{"line":381,"column":26},"end":{"line":381,"column":55}}],"line":381},"43":{"loc":{"start":{"line":385,"column":24},"end":{"line":386,"column":null}},"type":"binary-expr","locations":[{"start":{"line":385,"column":24},"end":{"line":385,"column":null}},{"start":{"line":386,"column":24},"end":{"line":386,"column":null}}],"line":385},"44":{"loc":{"start":{"line":388,"column":16},"end":{"line":388,"column":null}},"type":"if","locations":[{"start":{"line":388,"column":16},"end":{"line":388,"column":null}},{"start":{},"end":{}}],"line":388},"45":{"loc":{"start":{"line":411,"column":25},"end":{"line":411,"column":null}},"type":"binary-expr","locations":[{"start":{"line":411,"column":25},"end":{"line":411,"column":47}},{"start":{"line":411,"column":47},"end":{"line":411,"column":null}}],"line":411},"46":{"loc":{"start":{"line":418,"column":28},"end":{"line":418,"column":50}},"type":"binary-expr","locations":[{"start":{"line":418,"column":28},"end":{"line":418,"column":48}},{"start":{"line":418,"column":48},"end":{"line":418,"column":50}}],"line":418}},"s":{"0":2,"1":2,"2":2,"3":2,"4":2,"5":7,"6":7,"7":7,"8":7,"9":7,"10":7,"11":7,"12":7,"13":7,"14":7,"15":7,"16":7,"17":7,"18":20,"19":20,"20":3,"21":3,"22":3,"23":3,"24":3,"25":3,"26":6,"27":6,"28":6,"29":6,"30":7,"31":5,"32":0,"33":5,"34":5,"35":5,"36":7,"37":5,"38":0,"39":5,"40":1,"41":5,"42":1,"43":5,"44":1,"45":5,"46":5,"47":5,"48":5,"49":5,"50":7,"51":7,"52":7,"53":7,"54":5,"55":0,"56":5,"57":1,"58":5,"59":1,"60":5,"61":1,"62":5,"63":5,"64":5,"65":5,"66":5,"67":7,"68":7,"69":7,"70":5,"71":0,"72":5,"73":1,"74":5,"75":4,"76":1,"77":1,"78":1,"79":1,"80":1,"81":5,"82":7,"83":1,"84":1,"85":1,"86":1,"87":1,"88":1,"89":0,"90":0,"91":0,"92":0,"93":0,"94":0,"95":0,"96":1,"97":0,"98":0,"99":0,"100":0,"101":1,"102":1,"103":1,"104":0,"105":0,"106":0,"107":0,"108":0,"109":0,"110":0,"111":1,"112":0,"113":0,"114":0,"115":0,"116":1,"117":3,"118":0,"119":0,"120":0,"121":0,"122":0,"123":7,"124":5,"125":0,"126":5,"127":1,"128":5,"129":4,"130":1,"131":1,"132":1,"133":1,"134":1,"135":5,"136":7,"137":1,"138":1,"139":7,"140":5,"141":0,"142":5,"143":1,"144":5,"145":4,"146":1,"147":1,"148":1,"149":1,"150":1,"151":5,"152":7,"153":1,"154":1,"155":0},"f":{"0":2,"1":7,"2":20,"3":20,"4":3,"5":3,"6":6,"7":6,"8":7,"9":5,"10":5,"11":5,"12":1,"13":1,"14":1,"15":5,"16":7,"17":5,"18":1,"19":1,"20":1,"21":5,"22":7,"23":5,"24":1,"25":1,"26":5,"27":1,"28":1,"29":0,"30":0,"31":0,"32":1,"33":0,"34":0,"35":0,"36":3,"37":0,"38":0,"39":0,"40":7,"41":5,"42":1,"43":1,"44":5,"45":1,"46":7,"47":5,"48":1,"49":1,"50":5,"51":1,"52":0},"b":{"0":[2,2],"1":[0,5],"2":[5,5,5,5],"3":[0,5],"4":[5,5,5,5],"5":[1,1],"6":[1,1],"7":[1,1],"8":[1,4],"9":[1,4],"10":[1,4],"11":[0,5],"12":[5,5,5,5],"13":[1,1],"14":[1,1],"15":[1,1],"16":[1,4],"17":[1,4],"18":[1,4],"19":[0,5],"20":[5,5],"21":[1,1],"22":[4,1],"23":[1,0],"24":[1,0],"25":[1,0],"26":[1,0],"27":[0,0],"28":[0,0],"29":[0,0],"30":[1,0],"31":[0,0],"32":[0,0],"33":[0,0],"34":[0,0],"35":[0,5],"36":[5,5],"37":[1,1],"38":[4,1],"39":[1,0],"40":[1,1],"41":[0,5],"42":[5,5],"43":[1,1],"44":[4,1],"45":[1,0],"46":[1,1]},"meta":{"lastBranch":47,"lastFunction":53,"lastStatement":156,"seen":{"s:16:7:16:Infinity":0,"f:16:7:16:12":0,"s:17:4:17:Infinity":1,"s:18:4:18:Infinity":2,"s:19:4:19:Infinity":3,"s:16:12:16:Infinity":4,"b:16:12:16:Infinity:16:12:16:Infinity":0,"s:44:23:44:Infinity":5,"f:23:4:23:13":1,"s:24:37:24:Infinity":6,"s:26:32:26:Infinity":7,"s:27:8:27:Infinity":8,"s:29:26:29:Infinity":9,"s:30:8:30:Infinity":10,"s:32:32:32:Infinity":11,"s:33:8:33:Infinity":12,"s:35:30:35:Infinity":13,"s:36:8:36:Infinity":14,"s:38:28:38:Infinity":15,"s:39:8:39:Infinity":16,"s:41:8:41:Infinity":17,"f:46:12:46:29":2,"s:47:8:49:Infinity":18,"f:47:42:47:52":3,"s:48:12:48:Infinity":19,"f:52:12:52:30":4,"s:53:26:53:Infinity":20,"s:54:29:54:Infinity":21,"s:55:8:55:Infinity":22,"f:58:12:58:24":5,"s:59:29:59:Infinity":23,"s:60:27:60:Infinity":24,"s:61:8:61:Infinity":25,"f:64:12:64:28":6,"s:65:29:65:Infinity":26,"s:66:8:66:Infinity":27,"f:69:12:69:26":7,"s:70:29:70:Infinity":28,"s:71:8:71:Infinity":29,"f:74:12:74:34":8,"s:75:22:91:Infinity":30,"f:76:17:76:18":9,"b:77:16:83:Infinity:undefined:undefined:undefined:undefined":1,"s:77:16:83:Infinity":31,"b:78:20:78:Infinity:79:20:79:Infinity:80:20:80:Infinity:81:20:81:Infinity":2,"s:83:20:83:Infinity":32,"s:85:40:85:Infinity":33,"s:86:16:88:Infinity":34,"f:90:20:90:21":10,"s:90:39:90:55":35,"s:93:29:140:Infinity":36,"f:94:17:94:18":11,"b:95:16:101:Infinity:undefined:undefined:undefined:undefined":3,"s:95:16:101:Infinity":37,"b:96:20:96:Infinity:97:20:97:Infinity:98:20:98:Infinity:99:20:99:Infinity":4,"s:101:20:101:Infinity":38,"s:103:34:107:Infinity":39,"f:104:20:104:21":12,"s:105:24:106:Infinity":40,"b:105:24:105:Infinity:106:24:106:Infinity":5,"s:108:36:112:Infinity":41,"f:109:20:109:21":13,"s:110:24:111:Infinity":42,"b:110:24:110:Infinity:111:24:111:Infinity":6,"s:113:38:118:Infinity":43,"f:114:20:114:21":14,"s:115:24:117:Infinity":44,"b:115:24:115:Infinity:116:24:117:Infinity":7,"s:120:41:123:Infinity":45,"b:121:22:122:Infinity:123:22:123:Infinity":8,"s:124:43:129:Infinity":46,"b:125:22:128:Infinity:129:22:129:Infinity":9,"s:130:45:135:Infinity":47,"b:131:22:134:Infinity:135:22:135:Infinity":10,"s:137:16:137:Infinity":48,"f:139:20:139:21":15,"s:139:39:139:55":49,"s:142:24:142:Infinity":50,"s:144:50:147:Infinity":51,"s:148:8:148:Infinity":52,"f:151:12:151:28":16,"s:152:24:206:Infinity":53,"f:153:17:153:18":17,"b:154:16:160:Infinity:undefined:undefined:undefined:undefined":11,"s:154:16:160:Infinity":54,"b:155:20:155:Infinity:156:20:156:Infinity:157:20:157:Infinity:158:20:158:Infinity":12,"s:160:20:160:Infinity":55,"s:162:34:166:Infinity":56,"f:163:20:163:21":18,"s:164:24:165:Infinity":57,"b:164:24:164:Infinity:165:24:165:Infinity":13,"s:167:36:171:Infinity":58,"f:168:20:168:21":19,"s:169:24:170:Infinity":59,"b:169:24:169:Infinity:170:24:170:Infinity":14,"s:172:38:177:Infinity":60,"f:173:20:173:21":20,"s:174:24:176:Infinity":61,"b:174:24:174:Infinity:175:24:176:Infinity":15,"s:179:35:185:Infinity":62,"b:180:22:184:Infinity:185:22:185:Infinity":16,"s:187:37:193:Infinity":63,"b:188:22:192:Infinity:193:22:193:Infinity":17,"s:195:39:201:Infinity":64,"b:196:22:200:Infinity:201:22:201:Infinity":18,"s:203:16:203:Infinity":65,"f:205:20:205:21":21,"s:205:39:205:55":66,"s:208:24:208:Infinity":67,"s:210:8:213:Infinity":68,"f:216:12:216:30":22,"s:217:22:239:Infinity":69,"f:218:17:218:18":23,"b:219:16:219:Infinity:undefined:undefined:undefined:undefined":19,"s:219:16:219:Infinity":70,"b:219:20:219:26:219:26:219:55":20,"s:219:55:219:Infinity":71,"s:221:39:225:Infinity":72,"f:222:20:222:21":24,"s:223:24:224:Infinity":73,"b:223:24:223:Infinity:224:24:224:Infinity":21,"b:226:16:226:Infinity:undefined:undefined:undefined:undefined":22,"s:226:16:226:Infinity":74,"s:226:49:226:Infinity":75,"s:227:37:227:Infinity":76,"s:228:35:228:Infinity":77,"s:229:39:233:Infinity":78,"f:232:25:232:26":25,"s:232:36:232:63":79,"s:234:16:237:Infinity":80,"f:239:20:239:21":26,"s:239:51:239:64":81,"s:240:8:240:Infinity":82,"f:243:12:243:28":27,"s:244:26:244:Infinity":83,"b:244:26:244:53:244:53:244:Infinity":23,"s:245:24:245:Infinity":84,"b:245:24:245:49:245:49:245:Infinity":24,"s:246:25:246:Infinity":85,"b:246:25:246:43:246:43:246:Infinity":25,"s:248:8:260:Infinity":86,"f:263:12:263:27":28,"s:264:25:264:Infinity":87,"b:264:25:264:43:264:43:264:Infinity":26,"s:266:29:281:Infinity":88,"f:267:12:267:13":29,"s:268:27:268:Infinity":89,"b:269:16:269:Infinity:undefined:undefined:undefined:undefined":27,"s:269:16:269:Infinity":90,"b:269:20:269:27:269:27:269:57":28,"s:269:57:269:Infinity":91,"b:271:16:276:Infinity:undefined:undefined:undefined:undefined":29,"s:271:16:276:Infinity":92,"s:272:20:275:Infinity":93,"s:277:16:277:Infinity":94,"s:278:16:278:Infinity":95,"s:282:33:288:Infinity":96,"f:282:66:282:67":30,"s:283:36:283:Infinity":97,"s:284:31:286:Infinity":98,"f:285:21:285:22":31,"s:285:34:285:44":99,"s:287:12:287:Infinity":100,"s:289:8:289:Infinity":101,"f:292:12:292:29":32,"s:293:27:293:Infinity":102,"b:293:27:293:47:293:47:293:Infinity":30,"s:294:31:308:Infinity":103,"f:295:12:295:13":33,"s:296:27:296:Infinity":104,"b:297:16:297:Infinity:undefined:undefined:undefined:undefined":31,"s:297:16:297:Infinity":105,"b:297:20:297:27:297:27:297:57":32,"s:297:57:297:Infinity":106,"b:298:16:303:Infinity:undefined:undefined:undefined:undefined":33,"s:298:16:303:Infinity":107,"s:299:20:302:Infinity":108,"s:304:16:304:Infinity":109,"s:305:16:305:Infinity":110,"s:309:33:315:Infinity":111,"f:309:68:309:69":34,"s:310:36:310:Infinity":112,"s:311:33:313:Infinity":113,"f:312:21:312:22":35,"s:312:36:312:48":114,"s:314:12:314:Infinity":115,"s:316:8:316:Infinity":116,"f:319:12:319:27":36,"s:320:8:332:Infinity":117,"f:321:17:321:18":37,"s:322:34:324:Infinity":118,"b:322:42:323:Infinity:324:22:324:Infinity":34,"s:326:33:329:Infinity":119,"f:327:28:327:29":38,"s:327:38:327:42":120,"f:328:25:328:26":39,"s:328:35:328:68":121,"s:330:16:330:Infinity":122,"f:335:12:335:32":40,"s:336:22:359:Infinity":123,"f:337:17:337:18":41,"b:338:16:338:Infinity:undefined:undefined:undefined:undefined":35,"s:338:16:338:Infinity":124,"b:338:20:338:26:338:26:338:55":36,"s:338:55:338:Infinity":125,"s:340:41:344:Infinity":126,"f:341:20:341:21":42,"s:342:24:343:Infinity":127,"b:342:24:342:Infinity:343:24:343:Infinity":37,"b:345:16:345:Infinity:undefined:undefined:undefined:undefined":38,"s:345:16:345:Infinity":128,"s:345:51:345:Infinity":129,"s:347:37:347:Infinity":130,"s:348:35:348:Infinity":131,"s:349:41:353:Infinity":132,"f:352:25:352:26":43,"s:352:38:352:69":133,"s:354:16:357:Infinity":134,"f:359:20:359:21":44,"s:359:51:359:64":135,"s:360:8:360:Infinity":136,"f:362:12:362:30":45,"s:363:25:363:Infinity":137,"b:363:25:363:45:363:45:363:Infinity":39,"s:365:8:373:Infinity":138,"b:370:28:370:46:370:46:370:48":40,"f:376:12:376:Infinity":46,"s:379:22:406:Infinity":139,"f:380:17:380:18":47,"b:381:16:381:Infinity:undefined:undefined:undefined:undefined":41,"s:381:16:381:Infinity":140,"b:381:20:381:26:381:26:381:55":42,"s:381:55:381:Infinity":141,"s:383:43:387:Infinity":142,"f:384:20:384:21":48,"s:385:24:386:Infinity":143,"b:385:24:385:Infinity:386:24:386:Infinity":43,"b:388:16:388:Infinity:undefined:undefined:undefined:undefined":44,"s:388:16:388:Infinity":144,"s:388:53:388:Infinity":145,"s:390:37:390:Infinity":146,"s:391:35:394:Infinity":147,"s:395:43:399:Infinity":148,"f:398:25:398:26":49,"s:398:40:398:75":149,"s:401:16:404:Infinity":150,"f:406:20:406:21":50,"s:406:51:406:64":151,"s:408:8:408:Infinity":152,"f:410:12:410:32":51,"s:411:25:411:Infinity":153,"b:411:25:411:47:411:47:411:Infinity":45,"s:413:8:425:Infinity":154,"b:418:28:418:48:418:48:418:50":46,"f:424:17:424:18":52,"s:424:26:424:32":155}}}
,"I:\\Dev\\WoW\\_Workspace\\code_Chronicles-tauri\\src\\app\\addon\\services\\localeService.ts": {"path":"I:\\Dev\\WoW\\_Workspace\\code_Chronicles-tauri\\src\\app\\addon\\services\\localeService.ts","statementMap":{"0":{"start":{"line":26,"column":22},"end":{"line":38,"column":null}},"1":{"start":{"line":42,"column":8},"end":{"line":42,"column":null}},"2":{"start":{"line":46,"column":8},"end":{"line":48,"column":null}},"3":{"start":{"line":47,"column":12},"end":{"line":47,"column":null}},"4":{"start":{"line":52,"column":8},"end":{"line":52,"column":null}},"5":{"start":{"line":61,"column":26},"end":{"line":61,"column":null}},"6":{"start":{"line":62,"column":29},"end":{"line":62,"column":null}},"7":{"start":{"line":63,"column":30},"end":{"line":63,"column":null}},"8":{"start":{"line":64,"column":8},"end":{"line":64,"column":null}},"9":{"start":{"line":68,"column":31},"end":{"line":156,"column":null}},"10":{"start":{"line":70,"column":39},"end":{"line":74,"column":null}},"11":{"start":{"line":72,"column":24},"end":{"line":73,"column":null}},"12":{"start":{"line":75,"column":41},"end":{"line":79,"column":null}},"13":{"start":{"line":77,"column":24},"end":{"line":78,"column":null}},"14":{"start":{"line":80,"column":43},"end":{"line":84,"column":null}},"15":{"start":{"line":82,"column":24},"end":{"line":83,"column":null}},"16":{"start":{"line":86,"column":37},"end":{"line":148,"column":null}},"17":{"start":{"line":87,"column":61},"end":{"line":87,"column":null}},"18":{"start":{"line":89,"column":20},"end":{"line":107,"column":null}},"19":{"start":{"line":90,"column":41},"end":{"line":95,"column":null}},"20":{"start":{"line":97,"column":57},"end":{"line":105,"column":null}},"21":{"start":{"line":106,"column":24},"end":{"line":106,"column":null}},"22":{"start":{"line":108,"column":20},"end":{"line":126,"column":null}},"23":{"start":{"line":109,"column":41},"end":{"line":114,"column":null}},"24":{"start":{"line":116,"column":57},"end":{"line":124,"column":null}},"25":{"start":{"line":125,"column":24},"end":{"line":125,"column":null}},"26":{"start":{"line":127,"column":20},"end":{"line":145,"column":null}},"27":{"start":{"line":128,"column":41},"end":{"line":133,"column":null}},"28":{"start":{"line":135,"column":57},"end":{"line":143,"column":null}},"29":{"start":{"line":144,"column":24},"end":{"line":144,"column":null}},"30":{"start":{"line":147,"column":20},"end":{"line":147,"column":null}},"31":{"start":{"line":150,"column":47},"end":{"line":150,"column":null}},"32":{"start":{"line":151,"column":16},"end":{"line":153,"column":null}},"33":{"start":{"line":152,"column":20},"end":{"line":152,"column":null}},"34":{"start":{"line":154,"column":16},"end":{"line":154,"column":null}},"35":{"start":{"line":158,"column":41},"end":{"line":158,"column":null}},"36":{"start":{"line":159,"column":8},"end":{"line":161,"column":null}},"37":{"start":{"line":160,"column":12},"end":{"line":160,"column":null}},"38":{"start":{"line":163,"column":26},"end":{"line":163,"column":null}},"39":{"start":{"line":164,"column":35},"end":{"line":164,"column":null}},"40":{"start":{"line":166,"column":8},"end":{"line":166,"column":null}},"41":{"start":{"line":167,"column":8},"end":{"line":167,"column":null}},"42":{"start":{"line":171,"column":8},"end":{"line":195,"column":null}},"43":{"start":{"line":173,"column":38},"end":{"line":183,"column":null}},"44":{"start":{"line":175,"column":24},"end":{"line":179,"column":null}},"45":{"start":{"line":182,"column":40},"end":{"line":182,"column":55}},"46":{"start":{"line":185,"column":16},"end":{"line":192,"column":null}},"47":{"start":{"line":186,"column":44},"end":{"line":186,"column":null}},"48":{"start":{"line":187,"column":52},"end":{"line":190,"column":null}},"49":{"start":{"line":191,"column":20},"end":{"line":191,"column":null}},"50":{"start":{"line":193,"column":16},"end":{"line":193,"column":null}},"51":{"start":{"line":195,"column":30},"end":{"line":195,"column":42}},"52":{"start":{"line":199,"column":29},"end":{"line":216,"column":null}},"53":{"start":{"line":201,"column":16},"end":{"line":210,"column":null}},"54":{"start":{"line":204,"column":24},"end":{"line":208,"column":null}},"55":{"start":{"line":214,"column":16},"end":{"line":214,"column":null}},"56":{"start":{"line":218,"column":39},"end":{"line":221,"column":null}},"57":{"start":{"line":222,"column":8},"end":{"line":222,"column":null}},"58":{"start":{"line":229,"column":37},"end":{"line":229,"column":null}},"59":{"start":{"line":230,"column":8},"end":{"line":242,"column":null}},"60":{"start":{"line":231,"column":12},"end":{"line":231,"column":null}},"61":{"start":{"line":232,"column":12},"end":{"line":241,"column":null}},"62":{"start":{"line":233,"column":16},"end":{"line":237,"column":null}},"63":{"start":{"line":234,"column":20},"end":{"line":236,"column":null}},"64":{"start":{"line":238,"column":16},"end":{"line":240,"column":null}},"65":{"start":{"line":239,"column":20},"end":{"line":239,"column":null}},"66":{"start":{"line":243,"column":8},"end":{"line":243,"column":null}},"67":{"start":{"line":249,"column":37},"end":{"line":249,"column":null}},"68":{"start":{"line":250,"column":8},"end":{"line":262,"column":null}},"69":{"start":{"line":251,"column":12},"end":{"line":251,"column":null}},"70":{"start":{"line":252,"column":12},"end":{"line":261,"column":null}},"71":{"start":{"line":253,"column":16},"end":{"line":257,"column":null}},"72":{"start":{"line":254,"column":20},"end":{"line":256,"column":null}},"73":{"start":{"line":258,"column":16},"end":{"line":260,"column":null}},"74":{"start":{"line":259,"column":20},"end":{"line":259,"column":null}},"75":{"start":{"line":263,"column":8},"end":{"line":263,"column":null}},"76":{"start":{"line":269,"column":37},"end":{"line":269,"column":null}},"77":{"start":{"line":270,"column":8},"end":{"line":284,"column":null}},"78":{"start":{"line":271,"column":12},"end":{"line":273,"column":null}},"79":{"start":{"line":274,"column":12},"end":{"line":283,"column":null}},"80":{"start":{"line":275,"column":16},"end":{"line":279,"column":null}},"81":{"start":{"line":276,"column":20},"end":{"line":278,"column":null}},"82":{"start":{"line":280,"column":16},"end":{"line":282,"column":null}},"83":{"start":{"line":281,"column":20},"end":{"line":281,"column":null}},"84":{"start":{"line":285,"column":8},"end":{"line":285,"column":null}},"85":{"start":{"line":292,"column":39},"end":{"line":300,"column":null}},"86":{"start":{"line":301,"column":8},"end":{"line":301,"column":null}},"87":{"start":{"line":309,"column":8},"end":{"line":311,"column":null}},"88":{"start":{"line":310,"column":12},"end":{"line":310,"column":null}},"89":{"start":{"line":312,"column":12},"end":{"line":312,"column":null}},"90":{"start":{"line":313,"column":8},"end":{"line":317,"column":null}},"91":{"start":{"line":314,"column":12},"end":{"line":314,"column":null}},"92":{"start":{"line":316,"column":12},"end":{"line":316,"column":null}},"93":{"start":{"line":318,"column":8},"end":{"line":318,"column":null}},"94":{"start":{"line":325,"column":8},"end":{"line":325,"column":null}},"95":{"start":{"line":325,"column":21},"end":{"line":325,"column":null}},"96":{"start":{"line":326,"column":8},"end":{"line":326,"column":null}},"97":{"start":{"line":326,"column":40},"end":{"line":326,"column":null}},"98":{"start":{"line":327,"column":8},"end":{"line":329,"column":null}},"99":{"start":{"line":328,"column":12},"end":{"line":328,"column":null}},"100":{"start":{"line":330,"column":8},"end":{"line":330,"column":null}}},"fnMap":{"0":{"name":"(anonymous_0)","decl":{"start":{"line":41,"column":4},"end":{"line":41,"column":13}},"loc":{"start":{"line":41,"column":45},"end":{"line":43,"column":null}},"line":41},"1":{"name":"(anonymous_1)","decl":{"start":{"line":45,"column":12},"end":{"line":45,"column":29}},"loc":{"start":{"line":45,"column":49},"end":{"line":49,"column":null}},"line":45},"2":{"name":"(anonymous_2)","decl":{"start":{"line":46,"column":42},"end":{"line":46,"column":52}},"loc":{"start":{"line":46,"column":55},"end":{"line":48,"column":9}},"line":46},"3":{"name":"(anonymous_3)","decl":{"start":{"line":51,"column":12},"end":{"line":51,"column":24}},"loc":{"start":{"line":51,"column":42},"end":{"line":53,"column":null}},"line":51},"4":{"name":"(anonymous_4)","decl":{"start":{"line":55,"column":12},"end":{"line":55,"column":null}},"loc":{"start":{"line":60,"column":6},"end":{"line":65,"column":null}},"line":60},"5":{"name":"(anonymous_5)","decl":{"start":{"line":67,"column":12},"end":{"line":67,"column":30}},"loc":{"start":{"line":67,"column":62},"end":{"line":168,"column":null}},"line":67},"6":{"name":"(anonymous_6)","decl":{"start":{"line":69,"column":12},"end":{"line":69,"column":13}},"loc":{"start":{"line":69,"column":49},"end":{"line":155,"column":null}},"line":69},"7":{"name":"(anonymous_7)","decl":{"start":{"line":71,"column":20},"end":{"line":71,"column":21}},"loc":{"start":{"line":72,"column":24},"end":{"line":73,"column":null}},"line":72},"8":{"name":"(anonymous_8)","decl":{"start":{"line":76,"column":20},"end":{"line":76,"column":21}},"loc":{"start":{"line":77,"column":24},"end":{"line":78,"column":null}},"line":77},"9":{"name":"(anonymous_9)","decl":{"start":{"line":81,"column":20},"end":{"line":81,"column":21}},"loc":{"start":{"line":82,"column":24},"end":{"line":83,"column":null}},"line":82},"10":{"name":"(anonymous_10)","decl":{"start":{"line":86,"column":55},"end":{"line":86,"column":56}},"loc":{"start":{"line":86,"column":69},"end":{"line":148,"column":17}},"line":86},"11":{"name":"(anonymous_11)","decl":{"start":{"line":151,"column":37},"end":{"line":151,"column":38}},"loc":{"start":{"line":151,"column":71},"end":{"line":153,"column":17}},"line":151},"12":{"name":"(anonymous_12)","decl":{"start":{"line":159,"column":31},"end":{"line":159,"column":32}},"loc":{"start":{"line":159,"column":65},"end":{"line":161,"column":9}},"line":159},"13":{"name":"(anonymous_13)","decl":{"start":{"line":170,"column":12},"end":{"line":170,"column":30}},"loc":{"start":{"line":170,"column":71},"end":{"line":196,"column":null}},"line":170},"14":{"name":"(anonymous_14)","decl":{"start":{"line":172,"column":17},"end":{"line":172,"column":18}},"loc":{"start":{"line":172,"column":47},"end":{"line":194,"column":13}},"line":172},"15":{"name":"(anonymous_15)","decl":{"start":{"line":174,"column":28},"end":{"line":174,"column":29}},"loc":{"start":{"line":174,"column":43},"end":{"line":181,"column":21}},"line":174},"16":{"name":"(anonymous_16)","decl":{"start":{"line":182,"column":25},"end":{"line":182,"column":26}},"loc":{"start":{"line":182,"column":40},"end":{"line":182,"column":55}},"line":182},"17":{"name":"(anonymous_17)","decl":{"start":{"line":195,"column":20},"end":{"line":195,"column":21}},"loc":{"start":{"line":195,"column":30},"end":{"line":195,"column":42}},"line":195},"18":{"name":"(anonymous_18)","decl":{"start":{"line":198,"column":12},"end":{"line":198,"column":28}},"loc":{"start":{"line":198,"column":54},"end":{"line":223,"column":null}},"line":198},"19":{"name":"(anonymous_19)","decl":{"start":{"line":200,"column":20},"end":{"line":200,"column":21}},"loc":{"start":{"line":200,"column":37},"end":{"line":212,"column":13}},"line":200},"20":{"name":"(anonymous_20)","decl":{"start":{"line":203,"column":51},"end":{"line":203,"column":52}},"loc":{"start":{"line":203,"column":66},"end":{"line":210,"column":21}},"line":203},"21":{"name":"(anonymous_21)","decl":{"start":{"line":213,"column":17},"end":{"line":213,"column":18}},"loc":{"start":{"line":213,"column":34},"end":{"line":215,"column":13}},"line":213},"22":{"name":"(anonymous_22)","decl":{"start":{"line":225,"column":12},"end":{"line":225,"column":null}},"loc":{"start":{"line":228,"column":20},"end":{"line":244,"column":null}},"line":228},"23":{"name":"(anonymous_23)","decl":{"start":{"line":230,"column":23},"end":{"line":230,"column":24}},"loc":{"start":{"line":230,"column":41},"end":{"line":242,"column":9}},"line":230},"24":{"name":"(anonymous_24)","decl":{"start":{"line":232,"column":35},"end":{"line":232,"column":36}},"loc":{"start":{"line":232,"column":48},"end":{"line":241,"column":13}},"line":232},"25":{"name":"(anonymous_25)","decl":{"start":{"line":238,"column":38},"end":{"line":238,"column":39}},"loc":{"start":{"line":238,"column":48},"end":{"line":240,"column":17}},"line":238},"26":{"name":"(anonymous_26)","decl":{"start":{"line":245,"column":12},"end":{"line":245,"column":null}},"loc":{"start":{"line":248,"column":20},"end":{"line":264,"column":null}},"line":248},"27":{"name":"(anonymous_27)","decl":{"start":{"line":250,"column":25},"end":{"line":250,"column":26}},"loc":{"start":{"line":250,"column":47},"end":{"line":262,"column":9}},"line":250},"28":{"name":"(anonymous_28)","decl":{"start":{"line":252,"column":37},"end":{"line":252,"column":38}},"loc":{"start":{"line":252,"column":50},"end":{"line":261,"column":13}},"line":252},"29":{"name":"(anonymous_29)","decl":{"start":{"line":258,"column":38},"end":{"line":258,"column":39}},"loc":{"start":{"line":258,"column":48},"end":{"line":260,"column":17}},"line":258},"30":{"name":"(anonymous_30)","decl":{"start":{"line":265,"column":12},"end":{"line":265,"column":null}},"loc":{"start":{"line":268,"column":20},"end":{"line":286,"column":null}},"line":268},"31":{"name":"(anonymous_31)","decl":{"start":{"line":270,"column":27},"end":{"line":270,"column":28}},"loc":{"start":{"line":270,"column":53},"end":{"line":284,"column":9}},"line":270},"32":{"name":"(anonymous_32)","decl":{"start":{"line":274,"column":39},"end":{"line":274,"column":40}},"loc":{"start":{"line":274,"column":52},"end":{"line":283,"column":13}},"line":274},"33":{"name":"(anonymous_33)","decl":{"start":{"line":280,"column":38},"end":{"line":280,"column":39}},"loc":{"start":{"line":280,"column":48},"end":{"line":282,"column":17}},"line":280},"34":{"name":"(anonymous_34)","decl":{"start":{"line":288,"column":12},"end":{"line":288,"column":null}},"loc":{"start":{"line":291,"column":18},"end":{"line":302,"column":null}},"line":291},"35":{"name":"(anonymous_35)","decl":{"start":{"line":304,"column":12},"end":{"line":304,"column":null}},"loc":{"start":{"line":308,"column":14},"end":{"line":319,"column":null}},"line":308},"36":{"name":"(anonymous_36)","decl":{"start":{"line":321,"column":12},"end":{"line":321,"column":null}},"loc":{"start":{"line":324,"column":14},"end":{"line":331,"column":null}},"line":324}},"branchMap":{"0":{"loc":{"start":{"line":72,"column":24},"end":{"line":73,"column":null}},"type":"binary-expr","locations":[{"start":{"line":72,"column":24},"end":{"line":72,"column":null}},{"start":{"line":73,"column":24},"end":{"line":73,"column":null}}],"line":72},"1":{"loc":{"start":{"line":77,"column":24},"end":{"line":78,"column":null}},"type":"binary-expr","locations":[{"start":{"line":77,"column":24},"end":{"line":77,"column":null}},{"start":{"line":78,"column":24},"end":{"line":78,"column":null}}],"line":77},"2":{"loc":{"start":{"line":82,"column":24},"end":{"line":83,"column":null}},"type":"binary-expr","locations":[{"start":{"line":82,"column":24},"end":{"line":82,"column":null}},{"start":{"line":83,"column":24},"end":{"line":83,"column":null}}],"line":82},"3":{"loc":{"start":{"line":89,"column":20},"end":{"line":107,"column":null}},"type":"if","locations":[{"start":{"line":89,"column":20},"end":{"line":107,"column":null}},{"start":{},"end":{}}],"line":89},"4":{"loc":{"start":{"line":108,"column":20},"end":{"line":126,"column":null}},"type":"if","locations":[{"start":{"line":108,"column":20},"end":{"line":126,"column":null}},{"start":{},"end":{}}],"line":108},"5":{"loc":{"start":{"line":127,"column":20},"end":{"line":145,"column":null}},"type":"if","locations":[{"start":{"line":127,"column":20},"end":{"line":145,"column":null}},{"start":{},"end":{}}],"line":127},"6":{"loc":{"start":{"line":176,"column":28},"end":{"line":179,"column":null}},"type":"binary-expr","locations":[{"start":{"line":176,"column":28},"end":{"line":176,"column":null}},{"start":{"line":177,"column":28},"end":{"line":177,"column":null}},{"start":{"line":178,"column":28},"end":{"line":178,"column":null}},{"start":{"line":179,"column":28},"end":{"line":179,"column":null}}],"line":176},"7":{"loc":{"start":{"line":185,"column":16},"end":{"line":192,"column":null}},"type":"if","locations":[{"start":{"line":185,"column":16},"end":{"line":192,"column":null}},{"start":{},"end":{}}],"line":185},"8":{"loc":{"start":{"line":202,"column":20},"end":{"line":210,"column":null}},"type":"binary-expr","locations":[{"start":{"line":202,"column":20},"end":{"line":202,"column":null}},{"start":{"line":203,"column":20},"end":{"line":210,"column":null}}],"line":202},"9":{"loc":{"start":{"line":205,"column":28},"end":{"line":208,"column":null}},"type":"binary-expr","locations":[{"start":{"line":205,"column":28},"end":{"line":205,"column":null}},{"start":{"line":206,"column":28},"end":{"line":206,"column":null}},{"start":{"line":207,"column":28},"end":{"line":207,"column":null}},{"start":{"line":208,"column":28},"end":{"line":208,"column":null}}],"line":205},"10":{"loc":{"start":{"line":233,"column":16},"end":{"line":237,"column":null}},"type":"if","locations":[{"start":{"line":233,"column":16},"end":{"line":237,"column":null}},{"start":{},"end":{}}],"line":233},"11":{"loc":{"start":{"line":253,"column":16},"end":{"line":257,"column":null}},"type":"if","locations":[{"start":{"line":253,"column":16},"end":{"line":257,"column":null}},{"start":{},"end":{}}],"line":253},"12":{"loc":{"start":{"line":275,"column":16},"end":{"line":279,"column":null}},"type":"if","locations":[{"start":{"line":275,"column":16},"end":{"line":279,"column":null}},{"start":{},"end":{}}],"line":275},"13":{"loc":{"start":{"line":309,"column":8},"end":{"line":311,"column":null}},"type":"if","locations":[{"start":{"line":309,"column":8},"end":{"line":311,"column":null}},{"start":{},"end":{}}],"line":309},"14":{"loc":{"start":{"line":313,"column":8},"end":{"line":317,"column":null}},"type":"if","locations":[{"start":{"line":313,"column":8},"end":{"line":317,"column":null}},{"start":{"line":315,"column":15},"end":{"line":317,"column":null}}],"line":313},"15":{"loc":{"start":{"line":325,"column":8},"end":{"line":325,"column":null}},"type":"if","locations":[{"start":{"line":325,"column":8},"end":{"line":325,"column":null}},{"start":{},"end":{}}],"line":325},"16":{"loc":{"start":{"line":326,"column":8},"end":{"line":326,"column":null}},"type":"if","locations":[{"start":{"line":326,"column":8},"end":{"line":326,"column":null}},{"start":{},"end":{}}],"line":326},"17":{"loc":{"start":{"line":326,"column":47},"end":{"line":326,"column":null}},"type":"binary-expr","locations":[{"start":{"line":326,"column":47},"end":{"line":326,"column":62}},{"start":{"line":326,"column":62},"end":{"line":326,"column":null}}],"line":326},"18":{"loc":{"start":{"line":327,"column":8},"end":{"line":329,"column":null}},"type":"if","locations":[{"start":{"line":327,"column":8},"end":{"line":329,"column":null}},{"start":{},"end":{}}],"line":327},"19":{"loc":{"start":{"line":327,"column":12},"end":{"line":327,"column":66}},"type":"binary-expr","locations":[{"start":{"line":327,"column":12},"end":{"line":327,"column":35}},{"start":{"line":327,"column":35},"end":{"line":327,"column":66}}],"line":327},"20":{"loc":{"start":{"line":328,"column":19},"end":{"line":328,"column":null}},"type":"binary-expr","locations":[{"start":{"line":328,"column":19},"end":{"line":328,"column":52}},{"start":{"line":328,"column":52},"end":{"line":328,"column":null}}],"line":328}},"s":{"0":3,"1":6,"2":44,"3":44,"4":44,"5":44,"6":44,"7":44,"8":44,"9":6,"10":5,"11":2,"12":5,"13":1,"14":5,"15":1,"16":5,"17":55,"18":55,"19":22,"20":22,"21":22,"22":55,"23":11,"24":11,"25":11,"26":55,"27":11,"28":11,"29":11,"30":55,"31":5,"32":5,"33":55,"34":5,"35":6,"36":6,"37":5,"38":6,"39":6,"40":6,"41":6,"42":6,"43":44,"44":44,"45":4,"46":44,"47":4,"48":4,"49":4,"50":40,"51":44,"52":6,"53":44,"54":44,"55":4,"56":6,"57":6,"58":22,"59":22,"60":22,"61":22,"62":0,"63":0,"64":0,"65":0,"66":22,"67":11,"68":11,"69":11,"70":11,"71":0,"72":0,"73":0,"74":0,"75":11,"76":11,"77":11,"78":11,"79":11,"80":0,"81":0,"82":0,"83":0,"84":11,"85":44,"86":44,"87":44,"88":40,"89":4,"90":4,"91":0,"92":4,"93":4,"94":44,"95":0,"96":44,"97":4,"98":40,"99":0,"100":40},"f":{"0":6,"1":44,"2":44,"3":44,"4":44,"5":6,"6":5,"7":2,"8":1,"9":1,"10":55,"11":55,"12":5,"13":6,"14":44,"15":44,"16":4,"17":44,"18":6,"19":44,"20":44,"21":4,"22":22,"23":22,"24":0,"25":0,"26":11,"27":11,"28":0,"29":0,"30":11,"31":11,"32":0,"33":0,"34":44,"35":44,"36":44},"b":{"0":[2,2],"1":[1,1],"2":[1,1],"3":[22,33],"4":[11,44],"5":[11,44],"6":[44,4,4,4],"7":[4,40],"8":[44,44],"9":[44,4,4,4],"10":[0,0],"11":[0,0],"12":[0,0],"13":[40,4],"14":[0,4],"15":[0,44],"16":[4,40],"17":[4,0],"18":[0,40],"19":[40,0],"20":[0,0]},"meta":{"lastBranch":21,"lastFunction":37,"lastStatement":101,"seen":{"s:26:22:38:Infinity":0,"f:41:4:41:13":0,"s:42:8:42:Infinity":1,"f:45:12:45:29":1,"s:46:8:48:Infinity":2,"f:46:42:46:52":2,"s:47:12:47:Infinity":3,"f:51:12:51:24":3,"s:52:8:52:Infinity":4,"f:55:12:55:Infinity":4,"s:61:26:61:Infinity":5,"s:62:29:62:Infinity":6,"s:63:30:63:Infinity":7,"s:64:8:64:Infinity":8,"f:67:12:67:30":5,"s:68:31:156:Infinity":9,"f:69:12:69:13":6,"s:70:39:74:Infinity":10,"f:71:20:71:21":7,"s:72:24:73:Infinity":11,"b:72:24:72:Infinity:73:24:73:Infinity":0,"s:75:41:79:Infinity":12,"f:76:20:76:21":8,"s:77:24:78:Infinity":13,"b:77:24:77:Infinity:78:24:78:Infinity":1,"s:80:43:84:Infinity":14,"f:81:20:81:21":9,"s:82:24:83:Infinity":15,"b:82:24:82:Infinity:83:24:83:Infinity":2,"s:86:37:148:Infinity":16,"f:86:55:86:56":10,"s:87:61:87:Infinity":17,"b:89:20:107:Infinity:undefined:undefined:undefined:undefined":3,"s:89:20:107:Infinity":18,"s:90:41:95:Infinity":19,"s:97:57:105:Infinity":20,"s:106:24:106:Infinity":21,"b:108:20:126:Infinity:undefined:undefined:undefined:undefined":4,"s:108:20:126:Infinity":22,"s:109:41:114:Infinity":23,"s:116:57:124:Infinity":24,"s:125:24:125:Infinity":25,"b:127:20:145:Infinity:undefined:undefined:undefined:undefined":5,"s:127:20:145:Infinity":26,"s:128:41:133:Infinity":27,"s:135:57:143:Infinity":28,"s:144:24:144:Infinity":29,"s:147:20:147:Infinity":30,"s:150:47:150:Infinity":31,"s:151:16:153:Infinity":32,"f:151:37:151:38":11,"s:152:20:152:Infinity":33,"s:154:16:154:Infinity":34,"s:158:41:158:Infinity":35,"s:159:8:161:Infinity":36,"f:159:31:159:32":12,"s:160:12:160:Infinity":37,"s:163:26:163:Infinity":38,"s:164:35:164:Infinity":39,"s:166:8:166:Infinity":40,"s:167:8:167:Infinity":41,"f:170:12:170:30":13,"s:171:8:195:Infinity":42,"f:172:17:172:18":14,"s:173:38:183:Infinity":43,"f:174:28:174:29":15,"s:175:24:179:Infinity":44,"b:176:28:176:Infinity:177:28:177:Infinity:178:28:178:Infinity:179:28:179:Infinity":6,"f:182:25:182:26":16,"s:182:40:182:55":45,"b:185:16:192:Infinity:undefined:undefined:undefined:undefined":7,"s:185:16:192:Infinity":46,"s:186:44:186:Infinity":47,"s:187:52:190:Infinity":48,"s:191:20:191:Infinity":49,"s:193:16:193:Infinity":50,"f:195:20:195:21":17,"s:195:30:195:42":51,"f:198:12:198:28":18,"s:199:29:216:Infinity":52,"f:200:20:200:21":19,"s:201:16:210:Infinity":53,"b:202:20:202:Infinity:203:20:210:Infinity":8,"f:203:51:203:52":20,"s:204:24:208:Infinity":54,"b:205:28:205:Infinity:206:28:206:Infinity:207:28:207:Infinity:208:28:208:Infinity":9,"f:213:17:213:18":21,"s:214:16:214:Infinity":55,"s:218:39:221:Infinity":56,"s:222:8:222:Infinity":57,"f:225:12:225:Infinity":22,"s:229:37:229:Infinity":58,"s:230:8:242:Infinity":59,"f:230:23:230:24":23,"s:231:12:231:Infinity":60,"s:232:12:241:Infinity":61,"f:232:35:232:36":24,"b:233:16:237:Infinity:undefined:undefined:undefined:undefined":10,"s:233:16:237:Infinity":62,"s:234:20:236:Infinity":63,"s:238:16:240:Infinity":64,"f:238:38:238:39":25,"s:239:20:239:Infinity":65,"s:243:8:243:Infinity":66,"f:245:12:245:Infinity":26,"s:249:37:249:Infinity":67,"s:250:8:262:Infinity":68,"f:250:25:250:26":27,"s:251:12:251:Infinity":69,"s:252:12:261:Infinity":70,"f:252:37:252:38":28,"b:253:16:257:Infinity:undefined:undefined:undefined:undefined":11,"s:253:16:257:Infinity":71,"s:254:20:256:Infinity":72,"s:258:16:260:Infinity":73,"f:258:38:258:39":29,"s:259:20:259:Infinity":74,"s:263:8:263:Infinity":75,"f:265:12:265:Infinity":30,"s:269:37:269:Infinity":76,"s:270:8:284:Infinity":77,"f:270:27:270:28":31,"s:271:12:273:Infinity":78,"s:274:12:283:Infinity":79,"f:274:39:274:40":32,"b:275:16:279:Infinity:undefined:undefined:undefined:undefined":12,"s:275:16:279:Infinity":80,"s:276:20:278:Infinity":81,"s:280:16:282:Infinity":82,"f:280:38:280:39":33,"s:281:20:281:Infinity":83,"s:285:8:285:Infinity":84,"f:288:12:288:Infinity":34,"s:292:39:300:Infinity":85,"s:301:8:301:Infinity":86,"f:304:12:304:Infinity":35,"b:309:8:311:Infinity:undefined:undefined:undefined:undefined":13,"s:309:8:311:Infinity":87,"s:310:12:310:Infinity":88,"s:312:12:312:Infinity":89,"b:313:8:317:Infinity:315:15:317:Infinity":14,"s:313:8:317:Infinity":90,"s:314:12:314:Infinity":91,"s:316:12:316:Infinity":92,"s:318:8:318:Infinity":93,"f:321:12:321:Infinity":36,"b:325:8:325:Infinity:undefined:undefined:undefined:undefined":15,"s:325:8:325:Infinity":94,"s:325:21:325:Infinity":95,"b:326:8:326:Infinity:undefined:undefined:undefined:undefined":16,"s:326:8:326:Infinity":96,"s:326:40:326:Infinity":97,"b:326:47:326:62:326:62:326:Infinity":17,"b:327:8:329:Infinity:undefined:undefined:undefined:undefined":18,"s:327:8:329:Infinity":98,"b:327:12:327:35:327:35:327:66":19,"s:328:12:328:Infinity":99,"b:328:19:328:52:328:52:328:Infinity":20,"s:330:8:330:Infinity":100}}}
,"I:\\Dev\\WoW\\_Workspace\\code_Chronicles-tauri\\src\\app\\addon\\services\\luaUtils.ts": {"path":"I:\\Dev\\WoW\\_Workspace\\code_Chronicles-tauri\\src\\app\\addon\\services\\luaUtils.ts","statementMap":{"0":{"start":{"line":12,"column":4},"end":{"line":17,"column":null}}},"fnMap":{"0":{"name":"escapeLuaString","decl":{"start":{"line":11,"column":16},"end":{"line":11,"column":32}},"loc":{"start":{"line":11,"column":55},"end":{"line":18,"column":null}},"line":11}},"branchMap":{},"s":{"0":19},"f":{"0":19},"b":{},"meta":{"lastBranch":0,"lastFunction":1,"lastStatement":1,"seen":{"f:11:16:11:32":0,"s:12:4:17:Infinity":0}}}
,"I:\\Dev\\WoW\\_Workspace\\code_Chronicles-tauri\\src\\components\\ErrorBoundary.tsx": {"path":"I:\\Dev\\WoW\\_Workspace\\code_Chronicles-tauri\\src\\components\\ErrorBoundary.tsx","statementMap":{"0":{"start":{"line":14,"column":26},"end":{"line":17,"column":null}},"1":{"start":{"line":20,"column":8},"end":{"line":20,"column":null}},"2":{"start":{"line":24,"column":8},"end":{"line":24,"column":null}},"3":{"start":{"line":28,"column":8},"end":{"line":47,"column":null}},"4":{"start":{"line":29,"column":12},"end":{"line":45,"column":null}},"5":{"start":{"line":35,"column":47},"end":{"line":35,"column":73}},"6":{"start":{"line":49,"column":8},"end":{"line":49,"column":null}}},"fnMap":{"0":{"name":"(anonymous_0)","decl":{"start":{"line":19,"column":18},"end":{"line":19,"column":43}},"loc":{"start":{"line":19,"column":64},"end":{"line":21,"column":null}},"line":19},"1":{"name":"(anonymous_1)","decl":{"start":{"line":23,"column":11},"end":{"line":23,"column":29}},"loc":{"start":{"line":23,"column":65},"end":{"line":25,"column":null}},"line":23},"2":{"name":"(anonymous_2)","decl":{"start":{"line":27,"column":11},"end":{"line":27,"column":20}},"loc":{"start":{"line":27,"column":20},"end":{"line":50,"column":null}},"line":27},"3":{"name":"(anonymous_3)","decl":{"start":{"line":35,"column":41},"end":{"line":35,"column":47}},"loc":{"start":{"line":35,"column":47},"end":{"line":35,"column":73}},"line":35}},"branchMap":{"0":{"loc":{"start":{"line":28,"column":8},"end":{"line":47,"column":null}},"type":"if","locations":[{"start":{"line":28,"column":8},"end":{"line":47,"column":null}},{"start":{},"end":{}}],"line":28},"1":{"loc":{"start":{"line":40,"column":21},"end":{"line":43,"column":null}},"type":"binary-expr","locations":[{"start":{"line":40,"column":21},"end":{"line":40,"column":null}},{"start":{"line":41,"column":24},"end":{"line":43,"column":null}}],"line":40}},"s":{"0":5,"1":4,"2":2,"3":9,"4":4,"5":1,"6":5},"f":{"0":5,"1":2,"2":9,"3":1},"b":{"0":[4,5],"1":[4,4]},"meta":{"lastBranch":2,"lastFunction":4,"lastStatement":7,"seen":{"s:14:26:17:Infinity":0,"f:19:18:19:43":0,"s:20:8:20:Infinity":1,"f:23:11:23:29":1,"s:24:8:24:Infinity":2,"f:27:11:27:20":2,"b:28:8:47:Infinity:undefined:undefined:undefined:undefined":0,"s:28:8:47:Infinity":3,"s:29:12:45:Infinity":4,"f:35:41:35:47":3,"s:35:47:35:73":5,"b:40:21:40:Infinity:41:24:43:Infinity":1,"s:49:8:49:Infinity":6}}}
,"I:\\Dev\\WoW\\_Workspace\\code_Chronicles-tauri\\src\\database\\dbcontext.ts": {"path":"I:\\Dev\\WoW\\_Workspace\\code_Chronicles-tauri\\src\\database\\dbcontext.ts","statementMap":{"0":{"start":{"line":45,"column":38},"end":{"line":51,"column":null}},"1":{"start":{"line":91,"column":13},"end":{"line":91,"column":null}}},"fnMap":{},"branchMap":{},"s":{"0":1,"1":1},"f":{},"b":{},"meta":{"lastBranch":0,"lastFunction":0,"lastStatement":2,"seen":{"s:45:38:51:Infinity":0,"s:91:13:91:Infinity":1}}}
,"I:\\Dev\\WoW\\_Workspace\\code_Chronicles-tauri\\src\\database\\models\\appObjects\\Locale.ts": {"path":"I:\\Dev\\WoW\\_Workspace\\code_Chronicles-tauri\\src\\database\\models\\appObjects\\Locale.ts","statementMap":{"0":{"start":{"line":14,"column":20},"end":{"line":23,"column":null}},"1":{"start":{"line":25,"column":4},"end":{"line":25,"column":null}},"2":{"start":{"line":29,"column":4},"end":{"line":31,"column":null}},"3":{"start":{"line":30,"column":8},"end":{"line":30,"column":null}},"4":{"start":{"line":32,"column":4},"end":{"line":32,"column":null}}},"fnMap":{"0":{"name":"cleanString","decl":{"start":{"line":13,"column":9},"end":{"line":13,"column":21}},"loc":{"start":{"line":13,"column":44},"end":{"line":26,"column":null}},"line":13},"1":{"name":"getLocaleKey","decl":{"start":{"line":28,"column":16},"end":{"line":28,"column":29}},"loc":{"start":{"line":28,"column":53},"end":{"line":33,"column":null}},"line":28}},"branchMap":{"0":{"loc":{"start":{"line":29,"column":4},"end":{"line":31,"column":null}},"type":"if","locations":[{"start":{"line":29,"column":4},"end":{"line":31,"column":null}},{"start":{},"end":{}}],"line":29},"1":{"loc":{"start":{"line":29,"column":8},"end":{"line":29,"column":41}},"type":"binary-expr","locations":[{"start":{"line":29,"column":8},"end":{"line":29,"column":19}},{"start":{"line":29,"column":19},"end":{"line":29,"column":41}}],"line":29}},"s":{"0":91,"1":91,"2":91,"3":0,"4":91},"f":{"0":91,"1":91},"b":{"0":[0,91],"1":[91,91]},"meta":{"lastBranch":2,"lastFunction":2,"lastStatement":5,"seen":{"f:13:9:13:21":0,"s:14:20:23:Infinity":0,"s:25:4:25:Infinity":1,"f:28:16:28:29":1,"b:29:4:31:Infinity:undefined:undefined:undefined:undefined":0,"s:29:4:31:Infinity":2,"b:29:8:29:19:29:19:29:41":1,"s:30:8:30:Infinity":3,"s:32:4:32:Infinity":4}}}
}
